#
# There is insufficient memory for the Java Runtime Environment to continue.
# Native memory allocation (mmap) failed to map 65536 bytes for Failed to commit metaspace.
# Possible reasons:
#   The system is out of physical RAM or swap space
#   The process is running with CompressedOops enabled, and the Java Heap may be blocking the growth of the native heap
# Possible solutions:
#   Reduce memory load on the system
#   Increase physical memory or swap space
#   Check if swap backing store is full
#   Decrease Java heap size (-Xmx/-Xms)
#   Decrease number of Java threads
#   Decrease Java thread stack sizes (-Xss)
#   Set larger code cache with -XX:ReservedCodeCacheSize=
#   JVM is running with Unscaled Compressed Oops mode in which the Java heap is
#     placed in the first 4GB address space. The Java Heap base address is the
#     maximum limit for the native heap growth. Please use -XX:HeapBaseMinAddress
#     to set the Java Heap base and to place the Java Heap above 4GB virtual address.
# This output file may be truncated or incomplete.
#
#  Out of Memory Error (virtualSpaceNode.cpp:110), pid=680, tid=9968
#
# JRE version: OpenJDK Runtime Environment Temurin-17.0.4.1+1 (17.0.4.1+1) (build 17.0.4.1+1)
# Java VM: OpenJDK 64-Bit Server VM Temurin-17.0.4.1+1 (17.0.4.1+1, mixed mode, tiered, compressed oops, compressed class ptrs, g1 gc, windows-amd64)
# No core dump will be written. Minidumps are not enabled by default on client versions of Windows
#

---------------  S U M M A R Y ------------

Command Line: -Dfile.encoding=UTF-8 -XX:+ShowCodeDetailsInExceptionMessages bank.Test

Host: AMD Athlon Silver 3050U with Radeon Graphics   , 2 cores, 3G,  Windows 10 , 64 bit Build 19041 (10.0.19041.2251)
Time: Sun Nov 27 09:20:05 2022 Hora est. Pacífico, Sudamérica elapsed time: 0.283935 seconds (0d 0h 0m 0s)

---------------  T H R E A D  ---------------

Current thread (0x000001ec6ceabbd0):  JavaThread "main" [_thread_in_vm, id=9968, stack(0x000000e7aa700000,0x000000e7aa800000)]

Stack: [0x000000e7aa700000,0x000000e7aa800000]
Native frames: (J=compiled Java code, j=interpreted, Vv=VM code, C=native code)
V  [jvm.dll+0x67731a]
V  [jvm.dll+0x832284]
V  [jvm.dll+0x833a2e]
V  [jvm.dll+0x834093]
V  [jvm.dll+0x245775]
V  [jvm.dll+0x82e22b]
V  [jvm.dll+0x61bdf6]
V  [jvm.dll+0x61be5a]
V  [jvm.dll+0x61e67a]
V  [jvm.dll+0x61c796]
V  [jvm.dll+0x23b260]
V  [jvm.dll+0x1eafbd]
V  [jvm.dll+0x1e09f1]
V  [jvm.dll+0x53c910]
V  [jvm.dll+0x1f11e7]
V  [jvm.dll+0x7ac56b]
V  [jvm.dll+0x7ad912]
V  [jvm.dll+0x7ae0a9]
V  [jvm.dll+0x1eb804]
V  [jvm.dll+0x1e0a0a]
V  [jvm.dll+0x53c910]
V  [jvm.dll+0x1f11e7]
V  [jvm.dll+0x7ac56b]
V  [jvm.dll+0x7ad912]
V  [jvm.dll+0x7adc48]
V  [jvm.dll+0x23db7e]
V  [jvm.dll+0x37f29e]
C  0x000001ec705ab6ce

Java frames: (J=compiled Java code, j=interpreted, Vv=VM code)
j  java.lang.invoke.MethodHandleImpl.makeIntrinsic(Ljava/lang/invoke/MethodHandle;Ljava/lang/invoke/MethodHandleImpl$Intrinsic;Ljava/lang/Object;)Ljava/lang/invoke/MethodHandle;+10 java.base@17.0.4.1
j  java.lang.invoke.MethodHandleImpl.makeIntrinsic(Ljava/lang/invoke/MethodHandle;Ljava/lang/invoke/MethodHandleImpl$Intrinsic;)Ljava/lang/invoke/MethodHandle;+3 java.base@17.0.4.1
j  java.lang.invoke.LambdaForm.createFormsFor(Ljava/lang/invoke/LambdaForm$BasicType;)V+341 java.base@17.0.4.1
j  java.lang.invoke.LambdaForm.identityForm(Ljava/lang/invoke/LambdaForm$BasicType;)Ljava/lang/invoke/LambdaForm;+18 java.base@17.0.4.1
j  java.lang.invoke.MethodHandles.makeIdentity(Ljava/lang/Class;)Ljava/lang/invoke/MethodHandle;+10 java.base@17.0.4.1
j  java.lang.invoke.MethodHandles.identity(Ljava/lang/Class;)Ljava/lang/invoke/MethodHandle;+41 java.base@17.0.4.1
j  java.lang.invoke.MethodHandles.constant(Ljava/lang/Class;Ljava/lang/Object;)Ljava/lang/invoke/MethodHandle;+80 java.base@17.0.4.1
j  java.lang.invoke.InnerClassLambdaMetafactory.buildCallSite()Ljava/lang/invoke/CallSite;+140 java.base@17.0.4.1
j  java.lang.invoke.LambdaMetafactory.metafactory(Ljava/lang/invoke/MethodHandles$Lookup;Ljava/lang/String;Ljava/lang/invoke/MethodType;Ljava/lang/invoke/MethodType;Ljava/lang/invoke/MethodHandle;Ljava/lang/invoke/MethodType;)Ljava/lang/invoke/CallSite;+67 java.base@17.0.4.1
j  java.lang.invoke.DirectMethodHandle$Holder.invokeStatic(Ljava/lang/Object;Ljava/lang/Object;Ljava/lang/Object;Ljava/lang/Object;Ljava/lang/Object;Ljava/lang/Object;Ljava/lang/Object;)Ljava/lang/Object;+20 java.base@17.0.4.1
j  java.lang.invoke.Invokers$Holder.invokeExact_MT(Ljava/lang/Object;Ljava/lang/Object;Ljava/lang/Object;Ljava/lang/Object;Ljava/lang/Object;Ljava/lang/Object;Ljava/lang/Object;Ljava/lang/Object;)Ljava/lang/Object;+28 java.base@17.0.4.1
j  java.lang.invoke.BootstrapMethodInvoker.invoke(Ljava/lang/Class;Ljava/lang/invoke/MethodHandle;Ljava/lang/String;Ljava/lang/Object;Ljava/lang/Object;Ljava/lang/Class;)Ljava/lang/Object;+319 java.base@17.0.4.1
j  java.lang.invoke.CallSite.makeSite(Ljava/lang/invoke/MethodHandle;Ljava/lang/String;Ljava/lang/invoke/MethodType;Ljava/lang/Object;Ljava/lang/Class;)Ljava/lang/invoke/CallSite;+8 java.base@17.0.4.1
j  java.lang.invoke.MethodHandleNatives.linkCallSiteImpl(Ljava/lang/Class;Ljava/lang/invoke/MethodHandle;Ljava/lang/String;Ljava/lang/invoke/MethodType;Ljava/lang/Object;[Ljava/lang/Object;)Ljava/lang/invoke/MemberName;+6 java.base@17.0.4.1
j  java.lang.invoke.MethodHandleNatives.linkCallSite(Ljava/lang/Object;ILjava/lang/Object;Ljava/lang/Object;Ljava/lang/Object;Ljava/lang/Object;[Ljava/lang/Object;)Ljava/lang/invoke/MemberName;+46 java.base@17.0.4.1
v  ~StubRoutines::call_stub
j  java.util.regex.CharPredicates.forProperty(Ljava/lang/String;Z)Ljava/util/regex/Pattern$CharPredicate;+2693 java.base@17.0.4.1
j  java.util.regex.Pattern.family(ZZ)Ljava/util/regex/Pattern$CharPredicate;+605 java.base@17.0.4.1
j  java.util.regex.Pattern.sequence(Ljava/util/regex/Pattern$Node;)Ljava/util/regex/Pattern$Node;+329 java.base@17.0.4.1
j  java.util.regex.Pattern.expr(Ljava/util/regex/Pattern$Node;)Ljava/util/regex/Pattern$Node;+12 java.base@17.0.4.1
j  java.util.regex.Pattern.compile()V+222 java.base@17.0.4.1
j  java.util.regex.Pattern.<init>(Ljava/lang/String;I)V+108 java.base@17.0.4.1
j  java.util.regex.Pattern.compile(Ljava/lang/String;)Ljava/util/regex/Pattern;+6 java.base@17.0.4.1
j  java.util.Scanner.<clinit>()V+19 java.base@17.0.4.1
v  ~StubRoutines::call_stub
j  bank.Bank.Start()V+0
j  bank.Test.main([Ljava/lang/String;)V+9
v  ~StubRoutines::call_stub

---------------  P R O C E S S  ---------------

Threads class SMR info:
_java_thread_list=0x000001ec04a3f9d0, length=12, elements={
0x000001ec6ceabbd0, 0x000001ec03ece3e0, 0x000001ec03e75680, 0x000001ec03e83450,
0x000001ec03e83d10, 0x000001ec03e947b0, 0x000001ec03e96080, 0x000001ec03e98c80,
0x000001ec049322b0, 0x000001ec04935340, 0x000001ec04a46ba0, 0x000001ec04a60360
}

Java Threads: ( => current thread )
=>0x000001ec6ceabbd0 JavaThread "main" [_thread_in_vm, id=9968, stack(0x000000e7aa700000,0x000000e7aa800000)]
  0x000001ec03ece3e0 JavaThread "Reference Handler" daemon [_thread_blocked, id=6476, stack(0x000000e7aae00000,0x000000e7aaf00000)]
  0x000001ec03e75680 JavaThread "Finalizer" daemon [_thread_blocked, id=10528, stack(0x000000e7aaf00000,0x000000e7ab000000)]
  0x000001ec03e83450 JavaThread "Signal Dispatcher" daemon [_thread_blocked, id=10416, stack(0x000000e7ab000000,0x000000e7ab100000)]
  0x000001ec03e83d10 JavaThread "Attach Listener" daemon [_thread_blocked, id=11056, stack(0x000000e7ab100000,0x000000e7ab200000)]
  0x000001ec03e947b0 JavaThread "Service Thread" daemon [_thread_blocked, id=10508, stack(0x000000e7ab200000,0x000000e7ab300000)]
  0x000001ec03e96080 JavaThread "Monitor Deflation Thread" daemon [_thread_blocked, id=7024, stack(0x000000e7ab300000,0x000000e7ab400000)]
  0x000001ec03e98c80 JavaThread "C2 CompilerThread0" daemon [_thread_blocked, id=7520, stack(0x000000e7ab400000,0x000000e7ab500000)]
  0x000001ec049322b0 JavaThread "C1 CompilerThread0" daemon [_thread_blocked, id=10900, stack(0x000000e7ab500000,0x000000e7ab600000)]
  0x000001ec04935340 JavaThread "Sweeper thread" daemon [_thread_blocked, id=10792, stack(0x000000e7ab600000,0x000000e7ab700000)]
  0x000001ec04a46ba0 JavaThread "Notification Thread" daemon [_thread_blocked, id=8644, stack(0x000000e7ab700000,0x000000e7ab800000)]
  0x000001ec04a60360 JavaThread "Common-Cleaner" daemon [_thread_blocked, id=5084, stack(0x000000e7ab900000,0x000000e7aba00000)]

Other Threads:
  0x000001ec6cf4f3f0 VMThread "VM Thread" [stack: 0x000000e7aad00000,0x000000e7aae00000] [id=10376]
  0x000001ec04a47070 WatcherThread [stack: 0x000000e7ab800000,0x000000e7ab900000] [id=4564]
  0x000001ec6cee45e0 GCTaskThread "GC Thread#0" [stack: 0x000000e7aa800000,0x000000e7aa900000] [id=10876]
  0x000001ec6ceed080 ConcurrentGCThread "G1 Main Marker" [stack: 0x000000e7aa900000,0x000000e7aaa00000] [id=6044]
  0x000001ec6ceee6f0 ConcurrentGCThread "G1 Conc#0" [stack: 0x000000e7aaa00000,0x000000e7aab00000] [id=8996]
  0x000001ec6cf1fe20 ConcurrentGCThread "G1 Refine#0" [stack: 0x000000e7aab00000,0x000000e7aac00000] [id=9568]
  0x000001ec6cf214a0 ConcurrentGCThread "G1 Service" [stack: 0x000000e7aac00000,0x000000e7aad00000] [id=2544]

Threads with active compile tasks:

VM state: not at safepoint (normal execution)

VM Mutex/Monitor currently owned by a thread:  ([mutex/lock_event])
[0x000001ec6b58d0e0] Metaspace_lock - owner thread: 0x000001ec6ceabbd0

Heap address: 0x00000000c9e00000, size: 866 MB, Compressed Oops mode: 32-bit

CDS archive(s) not mapped
Compressed class space mapped at: 0x0000000100000000-0x0000000140000000, reserved size: 1073741824
Narrow klass base: 0x0000000000000000, Narrow klass shift: 3, Narrow klass range: 0x140000000

GC Precious Log:
 CPUs: 2 total, 2 available
 Memory: 3460M
 Large Page Support: Disabled
 NUMA Support: Disabled
 Compressed Oops: Enabled (32-bit)
 Heap Region Size: 1M
 Heap Min Capacity: 8M
 Heap Initial Capacity: 56M
 Heap Max Capacity: 866M
 Pre-touch: Disabled
 Parallel Workers: 2
 Concurrent Workers: 1
 Concurrent Refinement Workers: 2
 Periodic GC: Disabled

Heap:
 garbage-first heap   total 57344K, used 0K [0x00000000c9e00000, 0x0000000100000000)
  region size 1024K, 1 young (1024K), 0 survivors (0K)
 Metaspace       used 4790K, committed 4928K, reserved 1056768K
  class space    used 368K, committed 448K, reserved 1048576K

Heap Regions: E=young(eden), S=young(survivor), O=old, HS=humongous(starts), HC=humongous(continues), CS=collection set, F=free, OA=open archive, CA=closed archive, TAMS=top-at-mark-start (previous, next)
|   0|0x00000000c9e00000, 0x00000000c9e00000, 0x00000000c9f00000|  0%| F|  |TAMS 0x00000000c9e00000, 0x00000000c9e00000| Untracked 
|   1|0x00000000c9f00000, 0x00000000c9f00000, 0x00000000ca000000|  0%| F|  |TAMS 0x00000000c9f00000, 0x00000000c9f00000| Untracked 
|   2|0x00000000ca000000, 0x00000000ca000000, 0x00000000ca100000|  0%| F|  |TAMS 0x00000000ca000000, 0x00000000ca000000| Untracked 
|   3|0x00000000ca100000, 0x00000000ca100000, 0x00000000ca200000|  0%| F|  |TAMS 0x00000000ca100000, 0x00000000ca100000| Untracked 
|   4|0x00000000ca200000, 0x00000000ca200000, 0x00000000ca300000|  0%| F|  |TAMS 0x00000000ca200000, 0x00000000ca200000| Untracked 
|   5|0x00000000ca300000, 0x00000000ca300000, 0x00000000ca400000|  0%| F|  |TAMS 0x00000000ca300000, 0x00000000ca300000| Untracked 
|   6|0x00000000ca400000, 0x00000000ca400000, 0x00000000ca500000|  0%| F|  |TAMS 0x00000000ca400000, 0x00000000ca400000| Untracked 
|   7|0x00000000ca500000, 0x00000000ca500000, 0x00000000ca600000|  0%| F|  |TAMS 0x00000000ca500000, 0x00000000ca500000| Untracked 
|   8|0x00000000ca600000, 0x00000000ca600000, 0x00000000ca700000|  0%| F|  |TAMS 0x00000000ca600000, 0x00000000ca600000| Untracked 
|   9|0x00000000ca700000, 0x00000000ca700000, 0x00000000ca800000|  0%| F|  |TAMS 0x00000000ca700000, 0x00000000ca700000| Untracked 
|  10|0x00000000ca800000, 0x00000000ca800000, 0x00000000ca900000|  0%| F|  |TAMS 0x00000000ca800000, 0x00000000ca800000| Untracked 
|  11|0x00000000ca900000, 0x00000000ca900000, 0x00000000caa00000|  0%| F|  |TAMS 0x00000000ca900000, 0x00000000ca900000| Untracked 
|  12|0x00000000caa00000, 0x00000000caa00000, 0x00000000cab00000|  0%| F|  |TAMS 0x00000000caa00000, 0x00000000caa00000| Untracked 
|  13|0x00000000cab00000, 0x00000000cab00000, 0x00000000cac00000|  0%| F|  |TAMS 0x00000000cab00000, 0x00000000cab00000| Untracked 
|  14|0x00000000cac00000, 0x00000000cac00000, 0x00000000cad00000|  0%| F|  |TAMS 0x00000000cac00000, 0x00000000cac00000| Untracked 
|  15|0x00000000cad00000, 0x00000000cad00000, 0x00000000cae00000|  0%| F|  |TAMS 0x00000000cad00000, 0x00000000cad00000| Untracked 
|  16|0x00000000cae00000, 0x00000000cae00000, 0x00000000caf00000|  0%| F|  |TAMS 0x00000000cae00000, 0x00000000cae00000| Untracked 
|  17|0x00000000caf00000, 0x00000000caf00000, 0x00000000cb000000|  0%| F|  |TAMS 0x00000000caf00000, 0x00000000caf00000| Untracked 
|  18|0x00000000cb000000, 0x00000000cb000000, 0x00000000cb100000|  0%| F|  |TAMS 0x00000000cb000000, 0x00000000cb000000| Untracked 
|  19|0x00000000cb100000, 0x00000000cb100000, 0x00000000cb200000|  0%| F|  |TAMS 0x00000000cb100000, 0x00000000cb100000| Untracked 
|  20|0x00000000cb200000, 0x00000000cb200000, 0x00000000cb300000|  0%| F|  |TAMS 0x00000000cb200000, 0x00000000cb200000| Untracked 
|  21|0x00000000cb300000, 0x00000000cb300000, 0x00000000cb400000|  0%| F|  |TAMS 0x00000000cb300000, 0x00000000cb300000| Untracked 
|  22|0x00000000cb400000, 0x00000000cb400000, 0x00000000cb500000|  0%| F|  |TAMS 0x00000000cb400000, 0x00000000cb400000| Untracked 
|  23|0x00000000cb500000, 0x00000000cb500000, 0x00000000cb600000|  0%| F|  |TAMS 0x00000000cb500000, 0x00000000cb500000| Untracked 
|  24|0x00000000cb600000, 0x00000000cb600000, 0x00000000cb700000|  0%| F|  |TAMS 0x00000000cb600000, 0x00000000cb600000| Untracked 
|  25|0x00000000cb700000, 0x00000000cb700000, 0x00000000cb800000|  0%| F|  |TAMS 0x00000000cb700000, 0x00000000cb700000| Untracked 
|  26|0x00000000cb800000, 0x00000000cb800000, 0x00000000cb900000|  0%| F|  |TAMS 0x00000000cb800000, 0x00000000cb800000| Untracked 
|  27|0x00000000cb900000, 0x00000000cb900000, 0x00000000cba00000|  0%| F|  |TAMS 0x00000000cb900000, 0x00000000cb900000| Untracked 
|  28|0x00000000cba00000, 0x00000000cba00000, 0x00000000cbb00000|  0%| F|  |TAMS 0x00000000cba00000, 0x00000000cba00000| Untracked 
|  29|0x00000000cbb00000, 0x00000000cbb00000, 0x00000000cbc00000|  0%| F|  |TAMS 0x00000000cbb00000, 0x00000000cbb00000| Untracked 
|  30|0x00000000cbc00000, 0x00000000cbc00000, 0x00000000cbd00000|  0%| F|  |TAMS 0x00000000cbc00000, 0x00000000cbc00000| Untracked 
|  31|0x00000000cbd00000, 0x00000000cbd00000, 0x00000000cbe00000|  0%| F|  |TAMS 0x00000000cbd00000, 0x00000000cbd00000| Untracked 
|  32|0x00000000cbe00000, 0x00000000cbe00000, 0x00000000cbf00000|  0%| F|  |TAMS 0x00000000cbe00000, 0x00000000cbe00000| Untracked 
|  33|0x00000000cbf00000, 0x00000000cbf00000, 0x00000000cc000000|  0%| F|  |TAMS 0x00000000cbf00000, 0x00000000cbf00000| Untracked 
|  34|0x00000000cc000000, 0x00000000cc000000, 0x00000000cc100000|  0%| F|  |TAMS 0x00000000cc000000, 0x00000000cc000000| Untracked 
|  35|0x00000000cc100000, 0x00000000cc100000, 0x00000000cc200000|  0%| F|  |TAMS 0x00000000cc100000, 0x00000000cc100000| Untracked 
|  36|0x00000000cc200000, 0x00000000cc200000, 0x00000000cc300000|  0%| F|  |TAMS 0x00000000cc200000, 0x00000000cc200000| Untracked 
|  37|0x00000000cc300000, 0x00000000cc300000, 0x00000000cc400000|  0%| F|  |TAMS 0x00000000cc300000, 0x00000000cc300000| Untracked 
|  38|0x00000000cc400000, 0x00000000cc400000, 0x00000000cc500000|  0%| F|  |TAMS 0x00000000cc400000, 0x00000000cc400000| Untracked 
|  39|0x00000000cc500000, 0x00000000cc500000, 0x00000000cc600000|  0%| F|  |TAMS 0x00000000cc500000, 0x00000000cc500000| Untracked 
|  40|0x00000000cc600000, 0x00000000cc600000, 0x00000000cc700000|  0%| F|  |TAMS 0x00000000cc600000, 0x00000000cc600000| Untracked 
|  41|0x00000000cc700000, 0x00000000cc700000, 0x00000000cc800000|  0%| F|  |TAMS 0x00000000cc700000, 0x00000000cc700000| Untracked 
|  42|0x00000000cc800000, 0x00000000cc800000, 0x00000000cc900000|  0%| F|  |TAMS 0x00000000cc800000, 0x00000000cc800000| Untracked 
|  43|0x00000000cc900000, 0x00000000cc900000, 0x00000000cca00000|  0%| F|  |TAMS 0x00000000cc900000, 0x00000000cc900000| Untracked 
|  44|0x00000000cca00000, 0x00000000cca00000, 0x00000000ccb00000|  0%| F|  |TAMS 0x00000000cca00000, 0x00000000cca00000| Untracked 
|  45|0x00000000ccb00000, 0x00000000ccb00000, 0x00000000ccc00000|  0%| F|  |TAMS 0x00000000ccb00000, 0x00000000ccb00000| Untracked 
|  46|0x00000000ccc00000, 0x00000000ccc00000, 0x00000000ccd00000|  0%| F|  |TAMS 0x00000000ccc00000, 0x00000000ccc00000| Untracked 
|  47|0x00000000ccd00000, 0x00000000ccd00000, 0x00000000cce00000|  0%| F|  |TAMS 0x00000000ccd00000, 0x00000000ccd00000| Untracked 
|  48|0x00000000cce00000, 0x00000000cce00000, 0x00000000ccf00000|  0%| F|  |TAMS 0x00000000cce00000, 0x00000000cce00000| Untracked 
|  49|0x00000000ccf00000, 0x00000000ccf00000, 0x00000000cd000000|  0%| F|  |TAMS 0x00000000ccf00000, 0x00000000ccf00000| Untracked 
|  50|0x00000000cd000000, 0x00000000cd000000, 0x00000000cd100000|  0%| F|  |TAMS 0x00000000cd000000, 0x00000000cd000000| Untracked 
|  51|0x00000000cd100000, 0x00000000cd100000, 0x00000000cd200000|  0%| F|  |TAMS 0x00000000cd100000, 0x00000000cd100000| Untracked 
|  52|0x00000000cd200000, 0x00000000cd200000, 0x00000000cd300000|  0%| F|  |TAMS 0x00000000cd200000, 0x00000000cd200000| Untracked 
|  53|0x00000000cd300000, 0x00000000cd300000, 0x00000000cd400000|  0%| F|  |TAMS 0x00000000cd300000, 0x00000000cd300000| Untracked 
|  54|0x00000000cd400000, 0x00000000cd400000, 0x00000000cd500000|  0%| F|  |TAMS 0x00000000cd400000, 0x00000000cd400000| Untracked 
|  55|0x00000000cd500000, 0x00000000cd5f5e30, 0x00000000cd600000| 96%| E|  |TAMS 0x00000000cd500000, 0x00000000cd500000| Complete 

Card table byte_map: [0x000001ec7fb60000,0x000001ec7fd20000] _byte_map_base: 0x000001ec7f511000

Marking Bits (Prev, Next): (CMBitMap*) 0x000001ec6cee5b10, (CMBitMap*) 0x000001ec6cee5b50
 Prev Bits: [0x000001ec00000000, 0x000001ec00d88000)
 Next Bits: [0x000001ec00d90000, 0x000001ec01b18000)

Polling page: 0x000001ec6cf70000

Metaspace:

Usage:
  Non-class:      4.32 MB used.
      Class:    368.66 KB used.
       Both:      4.68 MB used.

Virtual space:
  Non-class space:        8.00 MB reserved,       4.38 MB ( 55%) committed,  1 nodes.
      Class space:        1.00 GB reserved,     448.00 KB ( <1%) committed,  1 nodes.
             Both:        1.01 GB reserved,       4.81 MB ( <1%) committed. 

Chunk freelists:
   Non-Class:  2.99 MB
       Class:  3.62 MB
        Both:  6.61 MB

MaxMetaspaceSize: unlimited
CompressedClassSpaceSize: 1.00 GB
Initial GC threshold: 21.00 MB
Current GC threshold: 21.00 MB
CDS: off
MetaspaceReclaimPolicy: balanced
 - commit_granule_bytes: 65536.
 - commit_granule_words: 8192.
 - virtual_space_node_default_size: 1048576.
 - enlarge_chunks_in_place: 1.
 - new_chunks_are_fully_committed: 0.
 - uncommit_free_chunks: 1.
 - use_allocation_guard: 0.
 - handle_deallocations: 1.


Internal statistics:

num_allocs_failed_limit: 0.
num_arena_births: 4.
num_arena_deaths: 0.
num_vsnodes_births: 2.
num_vsnodes_deaths: 0.
num_space_committed: 77.
num_space_uncommitted: 0.
num_chunks_returned_to_freelist: 0.
num_chunks_taken_from_freelist: 7.
num_chunk_merges: 0.
num_chunk_splits: 2.
num_chunks_enlarged: 1.
num_purges: 0.
num_inconsistent_stats: 0.

CodeHeap 'non-profiled nmethods': size=120064Kb used=22Kb max_used=22Kb free=120041Kb
 bounds [0x000001ec78050000, 0x000001ec782c0000, 0x000001ec7f590000]
CodeHeap 'profiled nmethods': size=120000Kb used=98Kb max_used=98Kb free=119901Kb
 bounds [0x000001ec70b20000, 0x000001ec70d90000, 0x000001ec78050000]
CodeHeap 'non-nmethods': size=5696Kb used=1069Kb max_used=1069Kb free=4626Kb
 bounds [0x000001ec70590000, 0x000001ec70800000, 0x000001ec70b20000]
 total_blobs=422 nmethods=86 adapters=249
 compilation: enabled
              stopped_count=0, restarted_count=0
 full_count=0

Compilation events (20 events):
Event: 0.197 Thread 0x000001ec049322b0   70       3       java.lang.AbstractStringBuilder::ensureCapacityInternal (39 bytes)
Event: 0.197 Thread 0x000001ec049322b0 nmethod 70 0x000001ec70b37210 code [0x000001ec70b373c0, 0x000001ec70b375f8]
Event: 0.197 Thread 0x000001ec049322b0   71       3       java.lang.AbstractStringBuilder::isLatin1 (19 bytes)
Event: 0.198 Thread 0x000001ec049322b0 nmethod 71 0x000001ec70b37710 code [0x000001ec70b378a0, 0x000001ec70b37a18]
Event: 0.198 Thread 0x000001ec049322b0   72       3       java.lang.StringLatin1::canEncode (13 bytes)
Event: 0.198 Thread 0x000001ec049322b0 nmethod 72 0x000001ec70b37a90 code [0x000001ec70b37c20, 0x000001ec70b37d78]
Event: 0.198 Thread 0x000001ec049322b0   73       3       java.lang.StringBuilder::append (8 bytes)
Event: 0.198 Thread 0x000001ec049322b0 nmethod 73 0x000001ec70b37e10 code [0x000001ec70b37fa0, 0x000001ec70b380e8]
Event: 0.203 Thread 0x000001ec049322b0   74       3       java.lang.String::isEmpty (14 bytes)
Event: 0.203 Thread 0x000001ec049322b0 nmethod 74 0x000001ec70b38190 code [0x000001ec70b38320, 0x000001ec70b38498]
Event: 0.205 Thread 0x000001ec049322b0   75       3       java.lang.Math::min (11 bytes)
Event: 0.205 Thread 0x000001ec049322b0 nmethod 75 0x000001ec70b38590 code [0x000001ec70b38720, 0x000001ec70b38858]
Event: 0.206 Thread 0x000001ec03e98c80   76       4       java.lang.StringLatin1::hashCode (42 bytes)
Event: 0.208 Thread 0x000001ec03e98c80 nmethod 76 0x000001ec78053610 code [0x000001ec78053780, 0x000001ec780538f8]
Event: 0.219 Thread 0x000001ec049322b0   79       1       java.lang.module.ModuleDescriptor::isOpen (5 bytes)
Event: 0.219 Thread 0x000001ec049322b0 nmethod 79 0x000001ec78054010 code [0x000001ec780541a0, 0x000001ec78054278]
Event: 0.220 Thread 0x000001ec049322b0   80       1       java.lang.Class::getClassLoader0 (5 bytes)
Event: 0.220 Thread 0x000001ec049322b0 nmethod 80 0x000001ec78054310 code [0x000001ec780544a0, 0x000001ec78054578]
Event: 0.220 Thread 0x000001ec049322b0   83       1       java.lang.Enum::ordinal (5 bytes)
Event: 0.221 Thread 0x000001ec049322b0 nmethod 83 0x000001ec78054c10 code [0x000001ec78054da0, 0x000001ec78054e78]

GC Heap History (0 events):
No events

Deoptimization events (0 events):
No events

Classes unloaded (0 events):
No events

Classes redefined (0 events):
No events

Internal exceptions (0 events):
No events

VM Operations (0 events):
No events

Events (20 events):
Event: 0.229 loading class java/lang/invoke/BoundMethodHandle$Specializer$Factory
Event: 0.229 loading class java/lang/invoke/ClassSpecializer$Factory
Event: 0.229 loading class java/lang/invoke/ClassSpecializer$Factory done
Event: 0.229 loading class java/lang/invoke/BoundMethodHandle$Specializer$Factory done
Event: 0.229 loading class java/lang/invoke/SimpleMethodHandle
Event: 0.229 loading class java/lang/invoke/SimpleMethodHandle done
Event: 0.230 loading class java/lang/NoSuchFieldException
Event: 0.230 loading class java/lang/NoSuchFieldException done
Event: 0.230 loading class java/lang/invoke/BoundMethodHandle$Species_L
Event: 0.230 loading class java/lang/invoke/BoundMethodHandle$Species_L done
Event: 0.231 loading class sun/invoke/util/VerifyType
Event: 0.231 loading class sun/invoke/util/VerifyType done
Event: 0.231 loading class sun/invoke/empty/Empty
Event: 0.231 loading class sun/invoke/empty/Empty done
Event: 0.231 loading class java/lang/invoke/DirectMethodHandle$2
Event: 0.231 loading class java/lang/invoke/DirectMethodHandle$2 done
Event: 0.231 loading class java/lang/invoke/DirectMethodHandle$Accessor
Event: 0.231 loading class java/lang/invoke/DirectMethodHandle$Accessor done
Event: 0.231 loading class java/lang/invoke/MethodHandleImpl$IntrinsicMethodHandle
Event: 0.231 loading class java/lang/invoke/DelegatingMethodHandle


Dynamic libraries:
0x00007ff7b7f20000 - 0x00007ff7b7f2e000 	C:\Eclipse\eclipse escritorio\plugins\org.eclipse.justj.openjdk.hotspot.jre.full.win32.x86_64_17.0.4.v20220903-1038\jre\bin\javaw.exe
0x00007ff934890000 - 0x00007ff934a88000 	C:\WINDOWS\SYSTEM32\ntdll.dll
0x00007ff9340a0000 - 0x00007ff93415f000 	C:\WINDOWS\System32\KERNEL32.DLL
0x00007ff932430000 - 0x00007ff932702000 	C:\WINDOWS\System32\KERNELBASE.dll
0x00007ff9327b0000 - 0x00007ff9328b0000 	C:\WINDOWS\System32\ucrtbase.dll
0x00007ff92be60000 - 0x00007ff92be78000 	C:\Eclipse\eclipse escritorio\plugins\org.eclipse.justj.openjdk.hotspot.jre.full.win32.x86_64_17.0.4.v20220903-1038\jre\bin\jli.dll
0x00007ff9342a0000 - 0x00007ff93443d000 	C:\WINDOWS\System32\USER32.dll
0x00007ff9328b0000 - 0x00007ff9328d2000 	C:\WINDOWS\System32\win32u.dll
0x00007ff933b00000 - 0x00007ff933b2b000 	C:\WINDOWS\System32\GDI32.dll
0x00007ff932070000 - 0x00007ff93217f000 	C:\WINDOWS\System32\gdi32full.dll
0x00007ff932710000 - 0x00007ff9327ad000 	C:\WINDOWS\System32\msvcp_win.dll
0x00007ff92bdf0000 - 0x00007ff92be09000 	C:\Eclipse\eclipse escritorio\plugins\org.eclipse.justj.openjdk.hotspot.jre.full.win32.x86_64_17.0.4.v20220903-1038\jre\bin\VCRUNTIME140.dll
0x00007ff917fb0000 - 0x00007ff91824a000 	C:\WINDOWS\WinSxS\amd64_microsoft.windows.common-controls_6595b64144ccf1df_6.0.19041.1110_none_60b5254171f9507e\COMCTL32.dll
0x00007ff932a60000 - 0x00007ff932afe000 	C:\WINDOWS\System32\msvcrt.dll
0x00007ff934650000 - 0x00007ff934682000 	C:\WINDOWS\System32\IMM32.DLL
0x000000005eca0000 - 0x000000005ecac000 	C:\Program Files (x86)\360\Total Security\safemon\SafeWrapper.dll
0x00007ff933890000 - 0x00007ff93393e000 	C:\WINDOWS\System32\ADVAPI32.dll
0x00007ff932e60000 - 0x00007ff932efc000 	C:\WINDOWS\System32\sechost.dll
0x00007ff934440000 - 0x00007ff934565000 	C:\WINDOWS\System32\RPCRT4.dll
0x00007ff916cc0000 - 0x00007ff916d52000 	C:\Program Files (x86)\360\Total Security\safemon\libzdtp64.dll
0x00007ff932f60000 - 0x00007ff9336a3000 	C:\WINDOWS\System32\SHELL32.dll
0x00007ff933bb0000 - 0x00007ff933c05000 	C:\WINDOWS\System32\SHLWAPI.dll
0x00007ff931c00000 - 0x00007ff931c0a000 	C:\WINDOWS\SYSTEM32\VERSION.dll
0x00007ff9185d0000 - 0x00007ff9185dc000 	C:\Eclipse\eclipse escritorio\plugins\org.eclipse.justj.openjdk.hotspot.jre.full.win32.x86_64_17.0.4.v20220903-1038\jre\bin\vcruntime140_1.dll
0x00007ff9156f0000 - 0x00007ff915781000 	C:\Eclipse\eclipse escritorio\plugins\org.eclipse.justj.openjdk.hotspot.jre.full.win32.x86_64_17.0.4.v20220903-1038\jre\bin\msvcp140.dll
0x00007ff9040b0000 - 0x00007ff904cf6000 	C:\Eclipse\eclipse escritorio\plugins\org.eclipse.justj.openjdk.hotspot.jre.full.win32.x86_64_17.0.4.v20220903-1038\jre\bin\server\jvm.dll
0x00007ff934690000 - 0x00007ff934698000 	C:\WINDOWS\System32\PSAPI.DLL
0x00007ff9186e0000 - 0x00007ff9186e9000 	C:\WINDOWS\SYSTEM32\WSOCK32.dll
0x00007ff933b40000 - 0x00007ff933bab000 	C:\WINDOWS\System32\WS2_32.dll
0x00007ff929cd0000 - 0x00007ff929cf7000 	C:\WINDOWS\SYSTEM32\WINMM.dll
0x00007ff930770000 - 0x00007ff930782000 	C:\WINDOWS\SYSTEM32\kernel.appcore.dll
0x00007ff9185c0000 - 0x00007ff9185ca000 	C:\Eclipse\eclipse escritorio\plugins\org.eclipse.justj.openjdk.hotspot.jre.full.win32.x86_64_17.0.4.v20220903-1038\jre\bin\jimage.dll
0x00007ff930560000 - 0x00007ff930744000 	C:\WINDOWS\SYSTEM32\DBGHELP.DLL
0x00007ff921f40000 - 0x00007ff921f6c000 	C:\WINDOWS\SYSTEM32\dbgcore.DLL
0x00007ff932180000 - 0x00007ff932202000 	C:\WINDOWS\System32\bcryptPrimitives.dll
0x00007ff9172e0000 - 0x00007ff917305000 	C:\Eclipse\eclipse escritorio\plugins\org.eclipse.justj.openjdk.hotspot.jre.full.win32.x86_64_17.0.4.v20220903-1038\jre\bin\java.dll
0x00007ff918320000 - 0x00007ff918338000 	C:\Eclipse\eclipse escritorio\plugins\org.eclipse.justj.openjdk.hotspot.jre.full.win32.x86_64_17.0.4.v20220903-1038\jre\bin\zip.dll
0x00007ff92fcf0000 - 0x00007ff930482000 	C:\WINDOWS\SYSTEM32\windows.storage.dll
0x00007ff932b00000 - 0x00007ff932e54000 	C:\WINDOWS\System32\combase.dll
0x00007ff9318a0000 - 0x00007ff9318d0000 	C:\WINDOWS\SYSTEM32\Wldp.dll
0x00007ff9337e0000 - 0x00007ff93388d000 	C:\WINDOWS\System32\SHCORE.dll
0x00007ff931ed0000 - 0x00007ff931eef000 	C:\WINDOWS\SYSTEM32\profapi.dll

dbghelp: loaded successfully - version: 4.0.5 - missing functions: none
symbol engine: initialized successfully - sym options: 0x614 - pdb path: .;C:\Eclipse\eclipse escritorio\plugins\org.eclipse.justj.openjdk.hotspot.jre.full.win32.x86_64_17.0.4.v20220903-1038\jre\bin;C:\WINDOWS\SYSTEM32;C:\WINDOWS\WinSxS\amd64_microsoft.windows.common-controls_6595b64144ccf1df_6.0.19041.1110_none_60b5254171f9507e;C:\Program Files (x86)\360\Total Security\safemon;C:\Eclipse\eclipse escritorio\plugins\org.eclipse.justj.openjdk.hotspot.jre.full.win32.x86_64_17.0.4.v20220903-1038\jre\bin\server

VM Arguments:
jvm_args: -Dfile.encoding=UTF-8 -XX:+ShowCodeDetailsInExceptionMessages 
java_command: bank.Test
java_class_path (initial): C:\Users\Lenovo\OneDrive\Escritorio\UNIVERSIDAD\1. PRIMER SEMESTRE\ALGORITMOS Y PROGRAMACION\proyectos\bank\bin
Launcher Type: SUN_STANDARD

[Global flags]
     intx CICompilerCount                          = 2                                         {product} {ergonomic}
     uint ConcGCThreads                            = 1                                         {product} {ergonomic}
     uint G1ConcRefinementThreads                  = 2                                         {product} {ergonomic}
   size_t G1HeapRegionSize                         = 1048576                                   {product} {ergonomic}
    uintx GCDrainStackTargetSize                   = 64                                        {product} {ergonomic}
   size_t InitialHeapSize                          = 58720256                                  {product} {ergonomic}
   size_t MarkStackSize                            = 4194304                                   {product} {ergonomic}
   size_t MaxHeapSize                              = 908066816                                 {product} {ergonomic}
   size_t MaxNewSize                               = 544210944                                 {product} {ergonomic}
   size_t MinHeapDeltaBytes                        = 1048576                                   {product} {ergonomic}
   size_t MinHeapSize                              = 8388608                                   {product} {ergonomic}
    uintx NonNMethodCodeHeapSize                   = 5826188                                {pd product} {ergonomic}
    uintx NonProfiledCodeHeapSize                  = 122916026                              {pd product} {ergonomic}
    uintx ProfiledCodeHeapSize                     = 122916026                              {pd product} {ergonomic}
    uintx ReservedCodeCacheSize                    = 251658240                              {pd product} {ergonomic}
     bool SegmentedCodeCache                       = true                                      {product} {ergonomic}
     bool ShowCodeDetailsInExceptionMessages       = true                                   {manageable} {command line}
   size_t SoftMaxHeapSize                          = 908066816                              {manageable} {ergonomic}
     bool UseCompressedClassPointers               = true                           {product lp64_product} {ergonomic}
     bool UseCompressedOops                        = true                           {product lp64_product} {ergonomic}
     bool UseG1GC                                  = true                                      {product} {ergonomic}
     bool UseLargePagesIndividualAllocation        = false                                  {pd product} {ergonomic}

Logging:
Log output configuration:
 #0: stdout all=warning uptime,level,tags
 #1: stderr all=off uptime,level,tags

Environment Variables:
JAVA_HOME=C:\Program Files\Java\jdk-19
PATH=C:/Eclipse/eclipse escritorio//plugins/org.eclipse.justj.openjdk.hotspot.jre.full.win32.x86_64_17.0.4.v20220903-1038/jre/bin/server;C:/Eclipse/eclipse escritorio//plugins/org.eclipse.justj.openjdk.hotspot.jre.full.win32.x86_64_17.0.4.v20220903-1038/jre/bin;C:\Program Files\Common Files\Oracle\Java\javapath;C:\Program Files (x86)\Common Files\Oracle\Java\javapath;C:\WINDOWS\system32;C:\WINDOWS;C:\WINDOWS\System32\Wbem;C:\WINDOWS\System32\WindowsPowerShell\v1.0\;C:\WINDOWS\System32\OpenSSH\;C:\Users\Lenovo\OneDrive\Documentos\Programacion\java19s1\jdk-19\bin;C:\Users\Lenovo\AppData\Local\Microsoft\WindowsApps;C:\Program Files\Java\jdk-19\bin;C:\Users\Lenovo\AppData\Local\Programs\Microsoft VS Code\bin;;C:\Eclipse\eclipse escritorio;
USERNAME=Lenovo
OS=Windows_NT
PROCESSOR_IDENTIFIER=AMD64 Family 23 Model 24 Stepping 1, AuthenticAMD
TMP=C:\Users\Lenovo\AppData\Local\Temp
TEMP=C:\Users\Lenovo\AppData\Local\Temp



---------------  S Y S T E M  ---------------

OS:
 Windows 10 , 64 bit Build 19041 (10.0.19041.2251)
OS uptime: 1 days 11:46 hours

CPU: total 2 (initial active 2) (2 cores per cpu, 1 threads per core) family 23 model 24 stepping 1 microcode 0x0, cx8, cmov, fxsr, mmx, 3dnowpref, sse, sse2, sse3, ssse3, sse4a, sse4.1, sse4.2, popcnt, lzcnt, tsc, tscinvbit, avx, avx2, aes, clmul, bmi1, bmi2, adx, sha, fma, vzeroupper, clflush, clflushopt

Memory: 4k page, system-wide physical 3460M (385M free)
TotalPageFile size 6148M (AvailPageFile size 11M)
current process WorkingSet (physical memory assigned to process): 29M, peak: 29M
current process commit charge ("private bytes"): 115M, peak: 115M

vm_info: OpenJDK 64-Bit Server VM (17.0.4.1+1) for windows-amd64 JRE (17.0.4.1+1), built on Aug 17 2022 07:42:43 by "temurin" with MS VC++ 16.7 (VS2019)

END.
