#
# There is insufficient memory for the Java Runtime Environment to continue.
# Native memory allocation (mmap) failed to map 65536 bytes for Failed to commit metaspace.
# Possible reasons:
#   The system is out of physical RAM or swap space
#   The process is running with CompressedOops enabled, and the Java Heap may be blocking the growth of the native heap
# Possible solutions:
#   Reduce memory load on the system
#   Increase physical memory or swap space
#   Check if swap backing store is full
#   Decrease Java heap size (-Xmx/-Xms)
#   Decrease number of Java threads
#   Decrease Java thread stack sizes (-Xss)
#   Set larger code cache with -XX:ReservedCodeCacheSize=
#   JVM is running with Unscaled Compressed Oops mode in which the Java heap is
#     placed in the first 4GB address space. The Java Heap base address is the
#     maximum limit for the native heap growth. Please use -XX:HeapBaseMinAddress
#     to set the Java Heap base and to place the Java Heap above 4GB virtual address.
# This output file may be truncated or incomplete.
#
#  Out of Memory Error (virtualSpaceNode.cpp:110), pid=6220, tid=5572
#
# JRE version: OpenJDK Runtime Environment Temurin-17.0.4.1+1 (17.0.4.1+1) (build 17.0.4.1+1)
# Java VM: OpenJDK 64-Bit Server VM Temurin-17.0.4.1+1 (17.0.4.1+1, mixed mode, tiered, compressed oops, compressed class ptrs, g1 gc, windows-amd64)
# No core dump will be written. Minidumps are not enabled by default on client versions of Windows
#

---------------  S U M M A R Y ------------

Command Line: -Dfile.encoding=UTF-8 -XX:+ShowCodeDetailsInExceptionMessages bank.Test

Host: AMD Athlon Silver 3050U with Radeon Graphics   , 2 cores, 3G,  Windows 10 , 64 bit Build 19041 (10.0.19041.2251)
Time: Sun Nov 27 09:20:27 2022 Hora est. Pacífico, Sudamérica elapsed time: 0.225243 seconds (0d 0h 0m 0s)

---------------  T H R E A D  ---------------

Current thread (0x000001f63a1cbbd0):  JavaThread "main" [_thread_in_vm, id=5572, stack(0x00000023f9d00000,0x00000023f9e00000)]

Stack: [0x00000023f9d00000,0x00000023f9e00000]
Native frames: (J=compiled Java code, j=interpreted, Vv=VM code, C=native code)
V  [jvm.dll+0x67731a]
V  [jvm.dll+0x832284]
V  [jvm.dll+0x833a2e]
V  [jvm.dll+0x834093]
V  [jvm.dll+0x245775]
V  [jvm.dll+0x82e22b]
V  [jvm.dll+0x61bdf6]
V  [jvm.dll+0x1c07be]
V  [jvm.dll+0x61e741]
V  [jvm.dll+0x61c796]
V  [jvm.dll+0x6265e7]
V  [jvm.dll+0x1ea5db]
V  [jvm.dll+0x1eab15]
V  [jvm.dll+0x1eb54f]
V  [jvm.dll+0x1e09f1]
V  [jvm.dll+0x53c910]
V  [jvm.dll+0x1f11e7]
V  [jvm.dll+0x7ac56b]
V  [jvm.dll+0x7ad912]
V  [jvm.dll+0x7adc48]
V  [jvm.dll+0x23db7e]
V  [jvm.dll+0x23ddcf]
V  [jvm.dll+0x559ec3]
V  [jvm.dll+0x55c344]
V  [jvm.dll+0x382eae]
V  [jvm.dll+0x382952]
C  0x000001f63d898a68

Java frames: (J=compiled Java code, j=interpreted, Vv=VM code)
j  java.text.DigitList.<init>()V+23 java.base@17.0.4.1
j  java.text.DecimalFormat.<init>(Ljava/lang/String;Ljava/text/DecimalFormatSymbols;)V+9 java.base@17.0.4.1
j  sun.util.locale.provider.NumberFormatProviderImpl.getInstance(Ljava/util/Locale;I)Ljava/text/NumberFormat;+118 java.base@17.0.4.1
j  sun.util.locale.provider.NumberFormatProviderImpl.getNumberInstance(Ljava/util/Locale;)Ljava/text/NumberFormat;+3 java.base@17.0.4.1
j  java.text.NumberFormat.getInstance(Lsun/util/locale/provider/LocaleProviderAdapter;Ljava/util/Locale;Ljava/text/NumberFormat$Style;I)Ljava/text/NumberFormat;+47 java.base@17.0.4.1
j  java.text.NumberFormat.getInstance(Ljava/util/Locale;Ljava/text/NumberFormat$Style;I)Ljava/text/NumberFormat;+11 java.base@17.0.4.1
j  java.text.NumberFormat.getNumberInstance(Ljava/util/Locale;)Ljava/text/NumberFormat;+3 java.base@17.0.4.1
j  java.util.Scanner.useLocale(Ljava/util/Locale;)Ljava/util/Scanner;+31 java.base@17.0.4.1
j  java.util.Scanner.<init>(Ljava/lang/Readable;Ljava/util/regex/Pattern;)V+243 java.base@17.0.4.1
j  java.util.Scanner.<init>(Ljava/io/InputStream;)V+12 java.base@17.0.4.1
j  bank.Bank.Start()V+7
j  bank.Test.main([Ljava/lang/String;)V+9
v  ~StubRoutines::call_stub

---------------  P R O C E S S  ---------------

Threads class SMR info:
_java_thread_list=0x000001f65151cd50, length=12, elements={
0x000001f63a1cbbd0, 0x000001f65090e3e0, 0x000001f6508b6470, 0x000001f6508c3430,
0x000001f6508c3cf0, 0x000001f6508d5320, 0x000001f6508d6bf0, 0x000001f6508d97f0,
0x000001f6509447e0, 0x000001f651418050, 0x000001f65151b6a0, 0x000001f651546010
}

Java Threads: ( => current thread )
=>0x000001f63a1cbbd0 JavaThread "main" [_thread_in_vm, id=5572, stack(0x00000023f9d00000,0x00000023f9e00000)]
  0x000001f65090e3e0 JavaThread "Reference Handler" daemon [_thread_blocked, id=6088, stack(0x00000023fa400000,0x00000023fa500000)]
  0x000001f6508b6470 JavaThread "Finalizer" daemon [_thread_blocked, id=10744, stack(0x00000023fa500000,0x00000023fa600000)]
  0x000001f6508c3430 JavaThread "Signal Dispatcher" daemon [_thread_blocked, id=8808, stack(0x00000023fa600000,0x00000023fa700000)]
  0x000001f6508c3cf0 JavaThread "Attach Listener" daemon [_thread_blocked, id=10940, stack(0x00000023fa700000,0x00000023fa800000)]
  0x000001f6508d5320 JavaThread "Service Thread" daemon [_thread_blocked, id=7524, stack(0x00000023fa800000,0x00000023fa900000)]
  0x000001f6508d6bf0 JavaThread "Monitor Deflation Thread" daemon [_thread_blocked, id=8468, stack(0x00000023fa900000,0x00000023faa00000)]
  0x000001f6508d97f0 JavaThread "C2 CompilerThread0" daemon [_thread_blocked, id=9224, stack(0x00000023faa00000,0x00000023fab00000)]
  0x000001f6509447e0 JavaThread "C1 CompilerThread0" daemon [_thread_blocked, id=2604, stack(0x00000023fab00000,0x00000023fac00000)]
  0x000001f651418050 JavaThread "Sweeper thread" daemon [_thread_blocked, id=4324, stack(0x00000023fac00000,0x00000023fad00000)]
  0x000001f65151b6a0 JavaThread "Notification Thread" daemon [_thread_blocked, id=10648, stack(0x00000023fad00000,0x00000023fae00000)]
  0x000001f651546010 JavaThread "Common-Cleaner" daemon [_thread_blocked, id=10292, stack(0x00000023faf00000,0x00000023fb000000)]

Other Threads:
  0x000001f63a26f3f0 VMThread "VM Thread" [stack: 0x00000023fa300000,0x00000023fa400000] [id=6784]
  0x000001f6514cb360 WatcherThread [stack: 0x00000023fae00000,0x00000023faf00000] [id=6952]
  0x000001f63a2045e0 GCTaskThread "GC Thread#0" [stack: 0x00000023f9e00000,0x00000023f9f00000] [id=9200]
  0x000001f63a20d080 ConcurrentGCThread "G1 Main Marker" [stack: 0x00000023f9f00000,0x00000023fa000000] [id=2796]
  0x000001f63a20e6f0 ConcurrentGCThread "G1 Conc#0" [stack: 0x00000023fa000000,0x00000023fa100000] [id=1692]
  0x000001f63a23fe20 ConcurrentGCThread "G1 Refine#0" [stack: 0x00000023fa100000,0x00000023fa200000] [id=5472]
  0x000001f63a2414a0 ConcurrentGCThread "G1 Service" [stack: 0x00000023fa200000,0x00000023fa300000] [id=8532]

Threads with active compile tasks:

VM state: not at safepoint (normal execution)

VM Mutex/Monitor currently owned by a thread:  ([mutex/lock_event])
[0x000001f637f3c480] Metaspace_lock - owner thread: 0x000001f63a1cbbd0

Heap address: 0x00000000c9e00000, size: 866 MB, Compressed Oops mode: 32-bit

CDS archive(s) not mapped
Compressed class space mapped at: 0x0000000100000000-0x0000000140000000, reserved size: 1073741824
Narrow klass base: 0x0000000000000000, Narrow klass shift: 3, Narrow klass range: 0x140000000

GC Precious Log:
 CPUs: 2 total, 2 available
 Memory: 3460M
 Large Page Support: Disabled
 NUMA Support: Disabled
 Compressed Oops: Enabled (32-bit)
 Heap Region Size: 1M
 Heap Min Capacity: 8M
 Heap Initial Capacity: 56M
 Heap Max Capacity: 866M
 Pre-touch: Disabled
 Parallel Workers: 2
 Concurrent Workers: 1
 Concurrent Refinement Workers: 2
 Periodic GC: Disabled

Heap:
 garbage-first heap   total 57344K, used 1024K [0x00000000c9e00000, 0x0000000100000000)
  region size 1024K, 2 young (2048K), 0 survivors (0K)
 Metaspace       used 6461K, committed 6528K, reserved 1056768K
  class space    used 538K, committed 576K, reserved 1048576K

Heap Regions: E=young(eden), S=young(survivor), O=old, HS=humongous(starts), HC=humongous(continues), CS=collection set, F=free, OA=open archive, CA=closed archive, TAMS=top-at-mark-start (previous, next)
|   0|0x00000000c9e00000, 0x00000000c9e00000, 0x00000000c9f00000|  0%| F|  |TAMS 0x00000000c9e00000, 0x00000000c9e00000| Untracked 
|   1|0x00000000c9f00000, 0x00000000c9f00000, 0x00000000ca000000|  0%| F|  |TAMS 0x00000000c9f00000, 0x00000000c9f00000| Untracked 
|   2|0x00000000ca000000, 0x00000000ca000000, 0x00000000ca100000|  0%| F|  |TAMS 0x00000000ca000000, 0x00000000ca000000| Untracked 
|   3|0x00000000ca100000, 0x00000000ca100000, 0x00000000ca200000|  0%| F|  |TAMS 0x00000000ca100000, 0x00000000ca100000| Untracked 
|   4|0x00000000ca200000, 0x00000000ca200000, 0x00000000ca300000|  0%| F|  |TAMS 0x00000000ca200000, 0x00000000ca200000| Untracked 
|   5|0x00000000ca300000, 0x00000000ca300000, 0x00000000ca400000|  0%| F|  |TAMS 0x00000000ca300000, 0x00000000ca300000| Untracked 
|   6|0x00000000ca400000, 0x00000000ca400000, 0x00000000ca500000|  0%| F|  |TAMS 0x00000000ca400000, 0x00000000ca400000| Untracked 
|   7|0x00000000ca500000, 0x00000000ca500000, 0x00000000ca600000|  0%| F|  |TAMS 0x00000000ca500000, 0x00000000ca500000| Untracked 
|   8|0x00000000ca600000, 0x00000000ca600000, 0x00000000ca700000|  0%| F|  |TAMS 0x00000000ca600000, 0x00000000ca600000| Untracked 
|   9|0x00000000ca700000, 0x00000000ca700000, 0x00000000ca800000|  0%| F|  |TAMS 0x00000000ca700000, 0x00000000ca700000| Untracked 
|  10|0x00000000ca800000, 0x00000000ca800000, 0x00000000ca900000|  0%| F|  |TAMS 0x00000000ca800000, 0x00000000ca800000| Untracked 
|  11|0x00000000ca900000, 0x00000000ca900000, 0x00000000caa00000|  0%| F|  |TAMS 0x00000000ca900000, 0x00000000ca900000| Untracked 
|  12|0x00000000caa00000, 0x00000000caa00000, 0x00000000cab00000|  0%| F|  |TAMS 0x00000000caa00000, 0x00000000caa00000| Untracked 
|  13|0x00000000cab00000, 0x00000000cab00000, 0x00000000cac00000|  0%| F|  |TAMS 0x00000000cab00000, 0x00000000cab00000| Untracked 
|  14|0x00000000cac00000, 0x00000000cac00000, 0x00000000cad00000|  0%| F|  |TAMS 0x00000000cac00000, 0x00000000cac00000| Untracked 
|  15|0x00000000cad00000, 0x00000000cad00000, 0x00000000cae00000|  0%| F|  |TAMS 0x00000000cad00000, 0x00000000cad00000| Untracked 
|  16|0x00000000cae00000, 0x00000000cae00000, 0x00000000caf00000|  0%| F|  |TAMS 0x00000000cae00000, 0x00000000cae00000| Untracked 
|  17|0x00000000caf00000, 0x00000000caf00000, 0x00000000cb000000|  0%| F|  |TAMS 0x00000000caf00000, 0x00000000caf00000| Untracked 
|  18|0x00000000cb000000, 0x00000000cb000000, 0x00000000cb100000|  0%| F|  |TAMS 0x00000000cb000000, 0x00000000cb000000| Untracked 
|  19|0x00000000cb100000, 0x00000000cb100000, 0x00000000cb200000|  0%| F|  |TAMS 0x00000000cb100000, 0x00000000cb100000| Untracked 
|  20|0x00000000cb200000, 0x00000000cb200000, 0x00000000cb300000|  0%| F|  |TAMS 0x00000000cb200000, 0x00000000cb200000| Untracked 
|  21|0x00000000cb300000, 0x00000000cb300000, 0x00000000cb400000|  0%| F|  |TAMS 0x00000000cb300000, 0x00000000cb300000| Untracked 
|  22|0x00000000cb400000, 0x00000000cb400000, 0x00000000cb500000|  0%| F|  |TAMS 0x00000000cb400000, 0x00000000cb400000| Untracked 
|  23|0x00000000cb500000, 0x00000000cb500000, 0x00000000cb600000|  0%| F|  |TAMS 0x00000000cb500000, 0x00000000cb500000| Untracked 
|  24|0x00000000cb600000, 0x00000000cb600000, 0x00000000cb700000|  0%| F|  |TAMS 0x00000000cb600000, 0x00000000cb600000| Untracked 
|  25|0x00000000cb700000, 0x00000000cb700000, 0x00000000cb800000|  0%| F|  |TAMS 0x00000000cb700000, 0x00000000cb700000| Untracked 
|  26|0x00000000cb800000, 0x00000000cb800000, 0x00000000cb900000|  0%| F|  |TAMS 0x00000000cb800000, 0x00000000cb800000| Untracked 
|  27|0x00000000cb900000, 0x00000000cb900000, 0x00000000cba00000|  0%| F|  |TAMS 0x00000000cb900000, 0x00000000cb900000| Untracked 
|  28|0x00000000cba00000, 0x00000000cba00000, 0x00000000cbb00000|  0%| F|  |TAMS 0x00000000cba00000, 0x00000000cba00000| Untracked 
|  29|0x00000000cbb00000, 0x00000000cbb00000, 0x00000000cbc00000|  0%| F|  |TAMS 0x00000000cbb00000, 0x00000000cbb00000| Untracked 
|  30|0x00000000cbc00000, 0x00000000cbc00000, 0x00000000cbd00000|  0%| F|  |TAMS 0x00000000cbc00000, 0x00000000cbc00000| Untracked 
|  31|0x00000000cbd00000, 0x00000000cbd00000, 0x00000000cbe00000|  0%| F|  |TAMS 0x00000000cbd00000, 0x00000000cbd00000| Untracked 
|  32|0x00000000cbe00000, 0x00000000cbe00000, 0x00000000cbf00000|  0%| F|  |TAMS 0x00000000cbe00000, 0x00000000cbe00000| Untracked 
|  33|0x00000000cbf00000, 0x00000000cbf00000, 0x00000000cc000000|  0%| F|  |TAMS 0x00000000cbf00000, 0x00000000cbf00000| Untracked 
|  34|0x00000000cc000000, 0x00000000cc000000, 0x00000000cc100000|  0%| F|  |TAMS 0x00000000cc000000, 0x00000000cc000000| Untracked 
|  35|0x00000000cc100000, 0x00000000cc100000, 0x00000000cc200000|  0%| F|  |TAMS 0x00000000cc100000, 0x00000000cc100000| Untracked 
|  36|0x00000000cc200000, 0x00000000cc200000, 0x00000000cc300000|  0%| F|  |TAMS 0x00000000cc200000, 0x00000000cc200000| Untracked 
|  37|0x00000000cc300000, 0x00000000cc300000, 0x00000000cc400000|  0%| F|  |TAMS 0x00000000cc300000, 0x00000000cc300000| Untracked 
|  38|0x00000000cc400000, 0x00000000cc400000, 0x00000000cc500000|  0%| F|  |TAMS 0x00000000cc400000, 0x00000000cc400000| Untracked 
|  39|0x00000000cc500000, 0x00000000cc500000, 0x00000000cc600000|  0%| F|  |TAMS 0x00000000cc500000, 0x00000000cc500000| Untracked 
|  40|0x00000000cc600000, 0x00000000cc600000, 0x00000000cc700000|  0%| F|  |TAMS 0x00000000cc600000, 0x00000000cc600000| Untracked 
|  41|0x00000000cc700000, 0x00000000cc700000, 0x00000000cc800000|  0%| F|  |TAMS 0x00000000cc700000, 0x00000000cc700000| Untracked 
|  42|0x00000000cc800000, 0x00000000cc800000, 0x00000000cc900000|  0%| F|  |TAMS 0x00000000cc800000, 0x00000000cc800000| Untracked 
|  43|0x00000000cc900000, 0x00000000cc900000, 0x00000000cca00000|  0%| F|  |TAMS 0x00000000cc900000, 0x00000000cc900000| Untracked 
|  44|0x00000000cca00000, 0x00000000cca00000, 0x00000000ccb00000|  0%| F|  |TAMS 0x00000000cca00000, 0x00000000cca00000| Untracked 
|  45|0x00000000ccb00000, 0x00000000ccb00000, 0x00000000ccc00000|  0%| F|  |TAMS 0x00000000ccb00000, 0x00000000ccb00000| Untracked 
|  46|0x00000000ccc00000, 0x00000000ccc00000, 0x00000000ccd00000|  0%| F|  |TAMS 0x00000000ccc00000, 0x00000000ccc00000| Untracked 
|  47|0x00000000ccd00000, 0x00000000ccd00000, 0x00000000cce00000|  0%| F|  |TAMS 0x00000000ccd00000, 0x00000000ccd00000| Untracked 
|  48|0x00000000cce00000, 0x00000000cce00000, 0x00000000ccf00000|  0%| F|  |TAMS 0x00000000cce00000, 0x00000000cce00000| Untracked 
|  49|0x00000000ccf00000, 0x00000000ccf00000, 0x00000000cd000000|  0%| F|  |TAMS 0x00000000ccf00000, 0x00000000ccf00000| Untracked 
|  50|0x00000000cd000000, 0x00000000cd000000, 0x00000000cd100000|  0%| F|  |TAMS 0x00000000cd000000, 0x00000000cd000000| Untracked 
|  51|0x00000000cd100000, 0x00000000cd100000, 0x00000000cd200000|  0%| F|  |TAMS 0x00000000cd100000, 0x00000000cd100000| Untracked 
|  52|0x00000000cd200000, 0x00000000cd200000, 0x00000000cd300000|  0%| F|  |TAMS 0x00000000cd200000, 0x00000000cd200000| Untracked 
|  53|0x00000000cd300000, 0x00000000cd300000, 0x00000000cd400000|  0%| F|  |TAMS 0x00000000cd300000, 0x00000000cd300000| Untracked 
|  54|0x00000000cd400000, 0x00000000cd4a5518, 0x00000000cd500000| 64%| E|  |TAMS 0x00000000cd400000, 0x00000000cd400000| Complete 
|  55|0x00000000cd500000, 0x00000000cd600000, 0x00000000cd600000|100%| E|CS|TAMS 0x00000000cd500000, 0x00000000cd500000| Complete 

Card table byte_map: [0x000001f639f50000,0x000001f63a110000] _byte_map_base: 0x000001f639901000

Marking Bits (Prev, Next): (CMBitMap*) 0x000001f63a205b10, (CMBitMap*) 0x000001f63a205b50
 Prev Bits: [0x000001f64ca40000, 0x000001f64d7c8000)
 Next Bits: [0x000001f64d7d0000, 0x000001f64e558000)

Polling page: 0x000001f638110000

Metaspace:

Usage:
  Non-class:      5.78 MB used.
      Class:    538.90 KB used.
       Both:      6.31 MB used.

Virtual space:
  Non-class space:        8.00 MB reserved,       5.81 MB ( 73%) committed,  1 nodes.
      Class space:        1.00 GB reserved,     576.00 KB ( <1%) committed,  1 nodes.
             Both:        1.01 GB reserved,       6.38 MB ( <1%) committed. 

Chunk freelists:
   Non-Class:  2.09 MB
       Class:  3.25 MB
        Both:  5.34 MB

MaxMetaspaceSize: unlimited
CompressedClassSpaceSize: 1.00 GB
Initial GC threshold: 21.00 MB
Current GC threshold: 21.00 MB
CDS: off
MetaspaceReclaimPolicy: balanced
 - commit_granule_bytes: 65536.
 - commit_granule_words: 8192.
 - virtual_space_node_default_size: 1048576.
 - enlarge_chunks_in_place: 1.
 - new_chunks_are_fully_committed: 0.
 - uncommit_free_chunks: 1.
 - use_allocation_guard: 0.
 - handle_deallocations: 1.


Internal statistics:

num_allocs_failed_limit: 0.
num_arena_births: 8.
num_arena_deaths: 0.
num_vsnodes_births: 2.
num_vsnodes_deaths: 0.
num_space_committed: 102.
num_space_uncommitted: 0.
num_chunks_returned_to_freelist: 0.
num_chunks_taken_from_freelist: 21.
num_chunk_merges: 0.
num_chunk_splits: 7.
num_chunks_enlarged: 4.
num_purges: 0.
num_inconsistent_stats: 0.

CodeHeap 'non-profiled nmethods': size=120064Kb used=48Kb max_used=48Kb free=120015Kb
 bounds [0x000001f645340000, 0x000001f6455b0000, 0x000001f64c880000]
CodeHeap 'profiled nmethods': size=120000Kb used=201Kb max_used=201Kb free=119798Kb
 bounds [0x000001f63de10000, 0x000001f63e080000, 0x000001f645340000]
CodeHeap 'non-nmethods': size=5696Kb used=1098Kb max_used=1104Kb free=4597Kb
 bounds [0x000001f63d880000, 0x000001f63daf0000, 0x000001f63de10000]
 total_blobs=541 nmethods=169 adapters=285
 compilation: enabled
              stopped_count=0, restarted_count=0
 full_count=0

Compilation events (20 events):
Event: 0.214 Thread 0x000001f6509447e0  158       3       java.lang.invoke.MethodType::parameterCount (6 bytes)
Event: 0.214 Thread 0x000001f6509447e0 nmethod 158 0x000001f63de3ee90 code [0x000001f63de3f020, 0x000001f63de3f138]
Event: 0.214 Thread 0x000001f6509447e0  159       3       jdk.internal.org.objectweb.asm.SymbolTable::addConstantUtf8 (98 bytes)
Event: 0.214 Thread 0x000001f6509447e0 nmethod 159 0x000001f63de3f210 code [0x000001f63de3f440, 0x000001f63de3fa38]
Event: 0.215 Thread 0x000001f6509447e0  160       3       java.lang.ref.Reference::<init> (25 bytes)
Event: 0.216 Thread 0x000001f6509447e0 nmethod 160 0x000001f63de3fd90 code [0x000001f63de3ff40, 0x000001f63de401b8]
Event: 0.216 Thread 0x000001f6509447e0  162       3       java.lang.Class::getName (18 bytes)
Event: 0.216 Thread 0x000001f6509447e0 nmethod 162 0x000001f63de40290 code [0x000001f63de40440, 0x000001f63de405c8]
Event: 0.216 Thread 0x000001f6509447e0  164       3       java.lang.StringLatin1::replace (198 bytes)
Event: 0.217 Thread 0x000001f6509447e0 nmethod 164 0x000001f63de40690 code [0x000001f63de40920, 0x000001f63de41668]
Event: 0.217 Thread 0x000001f6509447e0  166       3       java.util.ImmutableCollections$Set12$1::next (95 bytes)
Event: 0.217 Thread 0x000001f6509447e0 nmethod 166 0x000001f63de41b10 code [0x000001f63de41cc0, 0x000001f63de41f48]
Event: 0.217 Thread 0x000001f6509447e0  165       1       java.lang.Class::getModule (5 bytes)
Event: 0.217 Thread 0x000001f6509447e0 nmethod 165 0x000001f64534b790 code [0x000001f64534b920, 0x000001f64534b9f8]
Event: 0.217 Thread 0x000001f6509447e0  167       3       jdk.internal.org.objectweb.asm.ClassReader::readUnsignedShort (26 bytes)
Event: 0.217 Thread 0x000001f6509447e0 nmethod 167 0x000001f63de42090 code [0x000001f63de42220, 0x000001f63de42398]
Event: 0.217 Thread 0x000001f6509447e0  168       1       java.lang.invoke.MethodHandle::type (5 bytes)
Event: 0.217 Thread 0x000001f6509447e0 nmethod 168 0x000001f64534ba90 code [0x000001f64534bc20, 0x000001f64534bcf8]
Event: 0.219 Thread 0x000001f6508d97f0  169       4       java.lang.StringUTF16::getChar (60 bytes)
Event: 0.219 Thread 0x000001f6508d97f0 nmethod 169 0x000001f64534bd90 code [0x000001f64534bf00, 0x000001f64534bfd8]

GC Heap History (0 events):
No events

Deoptimization events (0 events):
No events

Classes unloaded (0 events):
No events

Classes redefined (0 events):
No events

Internal exceptions (0 events):
No events

VM Operations (0 events):
No events

Events (20 events):
Event: 0.215 loading class java/util/stream/FindOps$FindOp done
Event: 0.215 loading class java/util/OptionalInt
Event: 0.215 loading class java/util/OptionalInt done
Event: 0.215 loading class java/util/function/Predicate
Event: 0.215 loading class java/util/function/Predicate done
Event: 0.217 loading class java/util/stream/IntPipeline$10$1
Event: 0.217 loading class java/util/stream/Sink$ChainedInt
Event: 0.217 loading class java/util/stream/Sink$ChainedInt done
Event: 0.218 loading class java/util/stream/IntPipeline$10$1 done
Event: 0.218 loading class java/lang/StringUTF16$CharsSpliterator
Event: 0.218 loading class java/lang/StringUTF16$CharsSpliterator done
Event: 0.218 loading class java/lang/CharacterData00
Event: 0.218 loading class java/lang/CharacterData00 done
Event: 0.219 loading class java/text/DecimalFormat
Event: 0.220 loading class java/text/DecimalFormat done
Event: 0.220 loading class java/text/FieldPosition
Event: 0.220 loading class java/text/FieldPosition done
Event: 0.220 loading class java/text/DigitList
Event: 0.220 loading class java/text/DigitList done
Event: 0.220 loading class java/math/RoundingMode


Dynamic libraries:
0x00007ff7b7f20000 - 0x00007ff7b7f2e000 	C:\Eclipse\eclipse escritorio\plugins\org.eclipse.justj.openjdk.hotspot.jre.full.win32.x86_64_17.0.4.v20220903-1038\jre\bin\javaw.exe
0x00007ff934890000 - 0x00007ff934a88000 	C:\WINDOWS\SYSTEM32\ntdll.dll
0x00007ff9340a0000 - 0x00007ff93415f000 	C:\WINDOWS\System32\KERNEL32.DLL
0x00007ff932430000 - 0x00007ff932702000 	C:\WINDOWS\System32\KERNELBASE.dll
0x00007ff9327b0000 - 0x00007ff9328b0000 	C:\WINDOWS\System32\ucrtbase.dll
0x00007ff92be60000 - 0x00007ff92be78000 	C:\Eclipse\eclipse escritorio\plugins\org.eclipse.justj.openjdk.hotspot.jre.full.win32.x86_64_17.0.4.v20220903-1038\jre\bin\jli.dll
0x00007ff9342a0000 - 0x00007ff93443d000 	C:\WINDOWS\System32\USER32.dll
0x00007ff9328b0000 - 0x00007ff9328d2000 	C:\WINDOWS\System32\win32u.dll
0x00007ff933b00000 - 0x00007ff933b2b000 	C:\WINDOWS\System32\GDI32.dll
0x00007ff932070000 - 0x00007ff93217f000 	C:\WINDOWS\System32\gdi32full.dll
0x00007ff932710000 - 0x00007ff9327ad000 	C:\WINDOWS\System32\msvcp_win.dll
0x00007ff92bdf0000 - 0x00007ff92be09000 	C:\Eclipse\eclipse escritorio\plugins\org.eclipse.justj.openjdk.hotspot.jre.full.win32.x86_64_17.0.4.v20220903-1038\jre\bin\VCRUNTIME140.dll
0x00007ff917fb0000 - 0x00007ff91824a000 	C:\WINDOWS\WinSxS\amd64_microsoft.windows.common-controls_6595b64144ccf1df_6.0.19041.1110_none_60b5254171f9507e\COMCTL32.dll
0x00007ff932a60000 - 0x00007ff932afe000 	C:\WINDOWS\System32\msvcrt.dll
0x00007ff934650000 - 0x00007ff934682000 	C:\WINDOWS\System32\IMM32.DLL
0x000000005eca0000 - 0x000000005ecac000 	C:\Program Files (x86)\360\Total Security\safemon\SafeWrapper.dll
0x00007ff933890000 - 0x00007ff93393e000 	C:\WINDOWS\System32\ADVAPI32.dll
0x00007ff932e60000 - 0x00007ff932efc000 	C:\WINDOWS\System32\sechost.dll
0x00007ff934440000 - 0x00007ff934565000 	C:\WINDOWS\System32\RPCRT4.dll
0x00007ff916cc0000 - 0x00007ff916d52000 	C:\Program Files (x86)\360\Total Security\safemon\libzdtp64.dll
0x00007ff932f60000 - 0x00007ff9336a3000 	C:\WINDOWS\System32\SHELL32.dll
0x00007ff933bb0000 - 0x00007ff933c05000 	C:\WINDOWS\System32\SHLWAPI.dll
0x00007ff931c00000 - 0x00007ff931c0a000 	C:\WINDOWS\SYSTEM32\VERSION.dll
0x00007ff9185d0000 - 0x00007ff9185dc000 	C:\Eclipse\eclipse escritorio\plugins\org.eclipse.justj.openjdk.hotspot.jre.full.win32.x86_64_17.0.4.v20220903-1038\jre\bin\vcruntime140_1.dll
0x00007ff9156f0000 - 0x00007ff915781000 	C:\Eclipse\eclipse escritorio\plugins\org.eclipse.justj.openjdk.hotspot.jre.full.win32.x86_64_17.0.4.v20220903-1038\jre\bin\msvcp140.dll
0x00007ff9040b0000 - 0x00007ff904cf6000 	C:\Eclipse\eclipse escritorio\plugins\org.eclipse.justj.openjdk.hotspot.jre.full.win32.x86_64_17.0.4.v20220903-1038\jre\bin\server\jvm.dll
0x00007ff934690000 - 0x00007ff934698000 	C:\WINDOWS\System32\PSAPI.DLL
0x00007ff9186e0000 - 0x00007ff9186e9000 	C:\WINDOWS\SYSTEM32\WSOCK32.dll
0x00007ff933b40000 - 0x00007ff933bab000 	C:\WINDOWS\System32\WS2_32.dll
0x00007ff929cd0000 - 0x00007ff929cf7000 	C:\WINDOWS\SYSTEM32\WINMM.dll
0x00007ff930770000 - 0x00007ff930782000 	C:\WINDOWS\SYSTEM32\kernel.appcore.dll
0x00007ff9185c0000 - 0x00007ff9185ca000 	C:\Eclipse\eclipse escritorio\plugins\org.eclipse.justj.openjdk.hotspot.jre.full.win32.x86_64_17.0.4.v20220903-1038\jre\bin\jimage.dll
0x00007ff930560000 - 0x00007ff930744000 	C:\WINDOWS\SYSTEM32\DBGHELP.DLL
0x00007ff921f40000 - 0x00007ff921f6c000 	C:\WINDOWS\SYSTEM32\dbgcore.DLL
0x00007ff932180000 - 0x00007ff932202000 	C:\WINDOWS\System32\bcryptPrimitives.dll
0x00007ff9172e0000 - 0x00007ff917305000 	C:\Eclipse\eclipse escritorio\plugins\org.eclipse.justj.openjdk.hotspot.jre.full.win32.x86_64_17.0.4.v20220903-1038\jre\bin\java.dll
0x00007ff918320000 - 0x00007ff918338000 	C:\Eclipse\eclipse escritorio\plugins\org.eclipse.justj.openjdk.hotspot.jre.full.win32.x86_64_17.0.4.v20220903-1038\jre\bin\zip.dll
0x00007ff92fcf0000 - 0x00007ff930482000 	C:\WINDOWS\SYSTEM32\windows.storage.dll
0x00007ff932b00000 - 0x00007ff932e54000 	C:\WINDOWS\System32\combase.dll
0x00007ff9318a0000 - 0x00007ff9318d0000 	C:\WINDOWS\SYSTEM32\Wldp.dll
0x00007ff9337e0000 - 0x00007ff93388d000 	C:\WINDOWS\System32\SHCORE.dll
0x00007ff931ed0000 - 0x00007ff931eef000 	C:\WINDOWS\SYSTEM32\profapi.dll

dbghelp: loaded successfully - version: 4.0.5 - missing functions: none
symbol engine: initialized successfully - sym options: 0x614 - pdb path: .;C:\Eclipse\eclipse escritorio\plugins\org.eclipse.justj.openjdk.hotspot.jre.full.win32.x86_64_17.0.4.v20220903-1038\jre\bin;C:\WINDOWS\SYSTEM32;C:\WINDOWS\WinSxS\amd64_microsoft.windows.common-controls_6595b64144ccf1df_6.0.19041.1110_none_60b5254171f9507e;C:\Program Files (x86)\360\Total Security\safemon;C:\Eclipse\eclipse escritorio\plugins\org.eclipse.justj.openjdk.hotspot.jre.full.win32.x86_64_17.0.4.v20220903-1038\jre\bin\server

VM Arguments:
jvm_args: -Dfile.encoding=UTF-8 -XX:+ShowCodeDetailsInExceptionMessages 
java_command: bank.Test
java_class_path (initial): C:\Users\Lenovo\OneDrive\Escritorio\UNIVERSIDAD\1. PRIMER SEMESTRE\ALGORITMOS Y PROGRAMACION\proyectos\bank\bin
Launcher Type: SUN_STANDARD

[Global flags]
     intx CICompilerCount                          = 2                                         {product} {ergonomic}
     uint ConcGCThreads                            = 1                                         {product} {ergonomic}
     uint G1ConcRefinementThreads                  = 2                                         {product} {ergonomic}
   size_t G1HeapRegionSize                         = 1048576                                   {product} {ergonomic}
    uintx GCDrainStackTargetSize                   = 64                                        {product} {ergonomic}
   size_t InitialHeapSize                          = 58720256                                  {product} {ergonomic}
   size_t MarkStackSize                            = 4194304                                   {product} {ergonomic}
   size_t MaxHeapSize                              = 908066816                                 {product} {ergonomic}
   size_t MaxNewSize                               = 544210944                                 {product} {ergonomic}
   size_t MinHeapDeltaBytes                        = 1048576                                   {product} {ergonomic}
   size_t MinHeapSize                              = 8388608                                   {product} {ergonomic}
    uintx NonNMethodCodeHeapSize                   = 5826188                                {pd product} {ergonomic}
    uintx NonProfiledCodeHeapSize                  = 122916026                              {pd product} {ergonomic}
    uintx ProfiledCodeHeapSize                     = 122916026                              {pd product} {ergonomic}
    uintx ReservedCodeCacheSize                    = 251658240                              {pd product} {ergonomic}
     bool SegmentedCodeCache                       = true                                      {product} {ergonomic}
     bool ShowCodeDetailsInExceptionMessages       = true                                   {manageable} {command line}
   size_t SoftMaxHeapSize                          = 908066816                              {manageable} {ergonomic}
     bool UseCompressedClassPointers               = true                           {product lp64_product} {ergonomic}
     bool UseCompressedOops                        = true                           {product lp64_product} {ergonomic}
     bool UseG1GC                                  = true                                      {product} {ergonomic}
     bool UseLargePagesIndividualAllocation        = false                                  {pd product} {ergonomic}

Logging:
Log output configuration:
 #0: stdout all=warning uptime,level,tags
 #1: stderr all=off uptime,level,tags

Environment Variables:
JAVA_HOME=C:\Program Files\Java\jdk-19
PATH=C:/Eclipse/eclipse escritorio//plugins/org.eclipse.justj.openjdk.hotspot.jre.full.win32.x86_64_17.0.4.v20220903-1038/jre/bin/server;C:/Eclipse/eclipse escritorio//plugins/org.eclipse.justj.openjdk.hotspot.jre.full.win32.x86_64_17.0.4.v20220903-1038/jre/bin;C:\Program Files\Common Files\Oracle\Java\javapath;C:\Program Files (x86)\Common Files\Oracle\Java\javapath;C:\WINDOWS\system32;C:\WINDOWS;C:\WINDOWS\System32\Wbem;C:\WINDOWS\System32\WindowsPowerShell\v1.0\;C:\WINDOWS\System32\OpenSSH\;C:\Users\Lenovo\OneDrive\Documentos\Programacion\java19s1\jdk-19\bin;C:\Users\Lenovo\AppData\Local\Microsoft\WindowsApps;C:\Program Files\Java\jdk-19\bin;C:\Users\Lenovo\AppData\Local\Programs\Microsoft VS Code\bin;;C:\Eclipse\eclipse escritorio;
USERNAME=Lenovo
OS=Windows_NT
PROCESSOR_IDENTIFIER=AMD64 Family 23 Model 24 Stepping 1, AuthenticAMD
TMP=C:\Users\Lenovo\AppData\Local\Temp
TEMP=C:\Users\Lenovo\AppData\Local\Temp



---------------  S Y S T E M  ---------------

OS:
 Windows 10 , 64 bit Build 19041 (10.0.19041.2251)
OS uptime: 1 days 11:46 hours

CPU: total 2 (initial active 2) (2 cores per cpu, 1 threads per core) family 23 model 24 stepping 1 microcode 0x0, cx8, cmov, fxsr, mmx, 3dnowpref, sse, sse2, sse3, ssse3, sse4a, sse4.1, sse4.2, popcnt, lzcnt, tsc, tscinvbit, avx, avx2, aes, clmul, bmi1, bmi2, adx, sha, fma, vzeroupper, clflush, clflushopt

Memory: 4k page, system-wide physical 3460M (381M free)
TotalPageFile size 6148M (AvailPageFile size 4M)
current process WorkingSet (physical memory assigned to process): 33M, peak: 33M
current process commit charge ("private bytes"): 117M, peak: 117M

vm_info: OpenJDK 64-Bit Server VM (17.0.4.1+1) for windows-amd64 JRE (17.0.4.1+1), built on Aug 17 2022 07:42:43 by "temurin" with MS VC++ 16.7 (VS2019)

END.
