#
# There is insufficient memory for the Java Runtime Environment to continue.
# Native memory allocation (mmap) failed to map 65536 bytes for Failed to commit metaspace.
# Possible reasons:
#   The system is out of physical RAM or swap space
#   The process is running with CompressedOops enabled, and the Java Heap may be blocking the growth of the native heap
# Possible solutions:
#   Reduce memory load on the system
#   Increase physical memory or swap space
#   Check if swap backing store is full
#   Decrease Java heap size (-Xmx/-Xms)
#   Decrease number of Java threads
#   Decrease Java thread stack sizes (-Xss)
#   Set larger code cache with -XX:ReservedCodeCacheSize=
#   JVM is running with Unscaled Compressed Oops mode in which the Java heap is
#     placed in the first 4GB address space. The Java Heap base address is the
#     maximum limit for the native heap growth. Please use -XX:HeapBaseMinAddress
#     to set the Java Heap base and to place the Java Heap above 4GB virtual address.
# This output file may be truncated or incomplete.
#
#  Out of Memory Error (virtualSpaceNode.cpp:110), pid=10584, tid=1952
#
# JRE version: OpenJDK Runtime Environment Temurin-17.0.4.1+1 (17.0.4.1+1) (build 17.0.4.1+1)
# Java VM: OpenJDK 64-Bit Server VM Temurin-17.0.4.1+1 (17.0.4.1+1, mixed mode, tiered, compressed oops, compressed class ptrs, g1 gc, windows-amd64)
# No core dump will be written. Minidumps are not enabled by default on client versions of Windows
#

---------------  S U M M A R Y ------------

Command Line: -Dfile.encoding=UTF-8 --module-path=C:\Eclipse\workspace\Ejercicio5TallerP\bin -XX:+ShowCodeDetailsInExceptionMessages -Djdk.module.main=Ejercicio5TallerP Ejercicio5TallerP/test.WrapperTestDrive

Host: AMD Athlon Silver 3050U with Radeon Graphics   , 2 cores, 3G,  Windows 10 , 64 bit Build 19041 (10.0.19041.2251)
Time: Thu Dec  1 10:25:33 2022 Hora est. Pacífico, Sudamérica elapsed time: 0.648836 seconds (0d 0h 0m 0s)

---------------  T H R E A D  ---------------

Current thread (0x0000026a856ac020):  JavaThread "main" [_thread_in_vm, id=1952, stack(0x000000e6bff00000,0x000000e6c0000000)]

Stack: [0x000000e6bff00000,0x000000e6c0000000]
Native frames: (J=compiled Java code, j=interpreted, Vv=VM code, C=native code)
V  [jvm.dll+0x67731a]
V  [jvm.dll+0x832284]
V  [jvm.dll+0x833a2e]
V  [jvm.dll+0x834093]
V  [jvm.dll+0x245775]
V  [jvm.dll+0x82e22b]
V  [jvm.dll+0x61bdf6]
V  [jvm.dll+0x1c07be]
V  [jvm.dll+0x61e741]
V  [jvm.dll+0x61c796]
V  [jvm.dll+0x36ba22]
V  [jvm.dll+0x1e227b]
V  [jvm.dll+0x53c939]
V  [jvm.dll+0x7ad138]
V  [jvm.dll+0x7ad224]
V  [jvm.dll+0x40ccd5]
V  [jvm.dll+0x412ec8]
C  [java.dll+0x17ec]

Java frames: (J=compiled Java code, j=interpreted, Vv=VM code)
j  java.lang.ClassLoader.defineClass1(Ljava/lang/ClassLoader;Ljava/lang/String;[BIILjava/security/ProtectionDomain;Ljava/lang/String;)Ljava/lang/Class;+0 java.base@17.0.4.1
j  java.lang.ClassLoader.defineClass(Ljava/lang/String;[BIILjava/security/ProtectionDomain;)Ljava/lang/Class;+27 java.base@17.0.4.1
j  java.lang.ClassLoader.defineClass(Ljava/lang/String;Ljava/nio/ByteBuffer;Ljava/security/ProtectionDomain;)Ljava/lang/Class;+38 java.base@17.0.4.1
j  java.security.SecureClassLoader.defineClass(Ljava/lang/String;Ljava/nio/ByteBuffer;Ljava/security/CodeSource;)Ljava/lang/Class;+8 java.base@17.0.4.1
j  jdk.internal.loader.BuiltinClassLoader.defineClass(Ljava/lang/String;Ljdk/internal/loader/BuiltinClassLoader$LoadedModule;)Ljava/lang/Class;+127 java.base@17.0.4.1
j  jdk.internal.loader.BuiltinClassLoader.findClassInModuleOrNull(Ljdk/internal/loader/BuiltinClassLoader$LoadedModule;Ljava/lang/String;)Ljava/lang/Class;+9 java.base@17.0.4.1
j  jdk.internal.loader.BuiltinClassLoader.findClass(Ljava/lang/String;Ljava/lang/String;)Ljava/lang/Class;+42 java.base@17.0.4.1
j  java.lang.ClassLoader.loadClass(Ljava/lang/Module;Ljava/lang/String;)Ljava/lang/Class;+26 java.base@17.0.4.1
j  java.lang.Class.forName(Ljava/lang/Module;Ljava/lang/String;)Ljava/lang/Class;+81 java.base@17.0.4.1
j  sun.launcher.LauncherHelper.loadModuleMainClass(Ljava/lang/String;)Ljava/lang/Class;+151 java.base@17.0.4.1
j  sun.launcher.LauncherHelper.checkAndLoadMain(ZILjava/lang/String;)Ljava/lang/Class;+33 java.base@17.0.4.1
v  ~StubRoutines::call_stub

---------------  P R O C E S S  ---------------

Threads class SMR info:
_java_thread_list=0x0000026a9ca07d20, length=12, elements={
0x0000026a856ac020, 0x0000026a9bdf33e0, 0x0000026a9bdf4680, 0x0000026a9bda8560,
0x0000026a9bdaae30, 0x0000026a9bdab6f0, 0x0000026a9bdfd740, 0x0000026a9be01830,
0x0000026a9bdc3ae0, 0x0000026a9be2f010, 0x0000026a9c8ba810, 0x0000026a9ca20b00
}

Java Threads: ( => current thread )
=>0x0000026a856ac020 JavaThread "main" [_thread_in_vm, id=1952, stack(0x000000e6bff00000,0x000000e6c0000000)]
  0x0000026a9bdf33e0 JavaThread "Reference Handler" daemon [_thread_blocked, id=9400, stack(0x000000e6c0600000,0x000000e6c0700000)]
  0x0000026a9bdf4680 JavaThread "Finalizer" daemon [_thread_blocked, id=18552, stack(0x000000e6c0700000,0x000000e6c0800000)]
  0x0000026a9bda8560 JavaThread "Signal Dispatcher" daemon [_thread_blocked, id=17996, stack(0x000000e6c0800000,0x000000e6c0900000)]
  0x0000026a9bdaae30 JavaThread "Attach Listener" daemon [_thread_blocked, id=6636, stack(0x000000e6c0900000,0x000000e6c0a00000)]
  0x0000026a9bdab6f0 JavaThread "Service Thread" daemon [_thread_blocked, id=8884, stack(0x000000e6c0a00000,0x000000e6c0b00000)]
  0x0000026a9bdfd740 JavaThread "Monitor Deflation Thread" daemon [_thread_blocked, id=16648, stack(0x000000e6c0b00000,0x000000e6c0c00000)]
  0x0000026a9be01830 JavaThread "C2 CompilerThread0" daemon [_thread_blocked, id=15704, stack(0x000000e6c0c00000,0x000000e6c0d00000)]
  0x0000026a9bdc3ae0 JavaThread "C1 CompilerThread0" daemon [_thread_blocked, id=14460, stack(0x000000e6c0d00000,0x000000e6c0e00000)]
  0x0000026a9be2f010 JavaThread "Sweeper thread" daemon [_thread_blocked, id=16556, stack(0x000000e6c0e00000,0x000000e6c0f00000)]
  0x0000026a9c8ba810 JavaThread "Common-Cleaner" daemon [_thread_blocked, id=1236, stack(0x000000e6c0f00000,0x000000e6c1000000)]
  0x0000026a9ca20b00 JavaThread "Notification Thread" daemon [_thread_blocked, id=14704, stack(0x000000e6c1000000,0x000000e6c1100000)]

Other Threads:
  0x0000026a85753170 VMThread "VM Thread" [stack: 0x000000e6c0500000,0x000000e6c0600000] [id=19032]
  0x0000026a856f9a10 WatcherThread [stack: 0x000000e6c1100000,0x000000e6c1200000] [id=2916]
  0x0000026a856e4650 GCTaskThread "GC Thread#0" [stack: 0x000000e6c0000000,0x000000e6c0100000] [id=3600]
  0x0000026a856ed890 ConcurrentGCThread "G1 Main Marker" [stack: 0x000000e6c0100000,0x000000e6c0200000] [id=5864]
  0x0000026a856efdd0 ConcurrentGCThread "G1 Conc#0" [stack: 0x000000e6c0200000,0x000000e6c0300000] [id=6352]
  0x0000026a85727350 ConcurrentGCThread "G1 Refine#0" [stack: 0x000000e6c0300000,0x000000e6c0400000] [id=1452]
  0x0000026a85727c80 ConcurrentGCThread "G1 Service" [stack: 0x000000e6c0400000,0x000000e6c0500000] [id=19356]

Threads with active compile tasks:

VM state: not at safepoint (normal execution)

VM Mutex/Monitor currently owned by a thread:  ([mutex/lock_event])
[0x0000026a8369a790] Metaspace_lock - owner thread: 0x0000026a856ac020

Heap address: 0x00000000c9e00000, size: 866 MB, Compressed Oops mode: 32-bit

CDS archive(s) not mapped
Compressed class space mapped at: 0x0000000100000000-0x0000000140000000, reserved size: 1073741824
Narrow klass base: 0x0000000000000000, Narrow klass shift: 3, Narrow klass range: 0x140000000

GC Precious Log:
 CPUs: 2 total, 2 available
 Memory: 3460M
 Large Page Support: Disabled
 NUMA Support: Disabled
 Compressed Oops: Enabled (32-bit)
 Heap Region Size: 1M
 Heap Min Capacity: 8M
 Heap Initial Capacity: 56M
 Heap Max Capacity: 866M
 Pre-touch: Disabled
 Parallel Workers: 2
 Concurrent Workers: 1
 Concurrent Refinement Workers: 2
 Periodic GC: Disabled

Heap:
 garbage-first heap   total 57344K, used 1024K [0x00000000c9e00000, 0x0000000100000000)
  region size 1024K, 2 young (2048K), 0 survivors (0K)
 Metaspace       used 6137K, committed 6272K, reserved 1056768K
  class space    used 532K, committed 576K, reserved 1048576K

Heap Regions: E=young(eden), S=young(survivor), O=old, HS=humongous(starts), HC=humongous(continues), CS=collection set, F=free, OA=open archive, CA=closed archive, TAMS=top-at-mark-start (previous, next)
|   0|0x00000000c9e00000, 0x00000000c9e00000, 0x00000000c9f00000|  0%| F|  |TAMS 0x00000000c9e00000, 0x00000000c9e00000| Untracked 
|   1|0x00000000c9f00000, 0x00000000c9f00000, 0x00000000ca000000|  0%| F|  |TAMS 0x00000000c9f00000, 0x00000000c9f00000| Untracked 
|   2|0x00000000ca000000, 0x00000000ca000000, 0x00000000ca100000|  0%| F|  |TAMS 0x00000000ca000000, 0x00000000ca000000| Untracked 
|   3|0x00000000ca100000, 0x00000000ca100000, 0x00000000ca200000|  0%| F|  |TAMS 0x00000000ca100000, 0x00000000ca100000| Untracked 
|   4|0x00000000ca200000, 0x00000000ca200000, 0x00000000ca300000|  0%| F|  |TAMS 0x00000000ca200000, 0x00000000ca200000| Untracked 
|   5|0x00000000ca300000, 0x00000000ca300000, 0x00000000ca400000|  0%| F|  |TAMS 0x00000000ca300000, 0x00000000ca300000| Untracked 
|   6|0x00000000ca400000, 0x00000000ca400000, 0x00000000ca500000|  0%| F|  |TAMS 0x00000000ca400000, 0x00000000ca400000| Untracked 
|   7|0x00000000ca500000, 0x00000000ca500000, 0x00000000ca600000|  0%| F|  |TAMS 0x00000000ca500000, 0x00000000ca500000| Untracked 
|   8|0x00000000ca600000, 0x00000000ca600000, 0x00000000ca700000|  0%| F|  |TAMS 0x00000000ca600000, 0x00000000ca600000| Untracked 
|   9|0x00000000ca700000, 0x00000000ca700000, 0x00000000ca800000|  0%| F|  |TAMS 0x00000000ca700000, 0x00000000ca700000| Untracked 
|  10|0x00000000ca800000, 0x00000000ca800000, 0x00000000ca900000|  0%| F|  |TAMS 0x00000000ca800000, 0x00000000ca800000| Untracked 
|  11|0x00000000ca900000, 0x00000000ca900000, 0x00000000caa00000|  0%| F|  |TAMS 0x00000000ca900000, 0x00000000ca900000| Untracked 
|  12|0x00000000caa00000, 0x00000000caa00000, 0x00000000cab00000|  0%| F|  |TAMS 0x00000000caa00000, 0x00000000caa00000| Untracked 
|  13|0x00000000cab00000, 0x00000000cab00000, 0x00000000cac00000|  0%| F|  |TAMS 0x00000000cab00000, 0x00000000cab00000| Untracked 
|  14|0x00000000cac00000, 0x00000000cac00000, 0x00000000cad00000|  0%| F|  |TAMS 0x00000000cac00000, 0x00000000cac00000| Untracked 
|  15|0x00000000cad00000, 0x00000000cad00000, 0x00000000cae00000|  0%| F|  |TAMS 0x00000000cad00000, 0x00000000cad00000| Untracked 
|  16|0x00000000cae00000, 0x00000000cae00000, 0x00000000caf00000|  0%| F|  |TAMS 0x00000000cae00000, 0x00000000cae00000| Untracked 
|  17|0x00000000caf00000, 0x00000000caf00000, 0x00000000cb000000|  0%| F|  |TAMS 0x00000000caf00000, 0x00000000caf00000| Untracked 
|  18|0x00000000cb000000, 0x00000000cb000000, 0x00000000cb100000|  0%| F|  |TAMS 0x00000000cb000000, 0x00000000cb000000| Untracked 
|  19|0x00000000cb100000, 0x00000000cb100000, 0x00000000cb200000|  0%| F|  |TAMS 0x00000000cb100000, 0x00000000cb100000| Untracked 
|  20|0x00000000cb200000, 0x00000000cb200000, 0x00000000cb300000|  0%| F|  |TAMS 0x00000000cb200000, 0x00000000cb200000| Untracked 
|  21|0x00000000cb300000, 0x00000000cb300000, 0x00000000cb400000|  0%| F|  |TAMS 0x00000000cb300000, 0x00000000cb300000| Untracked 
|  22|0x00000000cb400000, 0x00000000cb400000, 0x00000000cb500000|  0%| F|  |TAMS 0x00000000cb400000, 0x00000000cb400000| Untracked 
|  23|0x00000000cb500000, 0x00000000cb500000, 0x00000000cb600000|  0%| F|  |TAMS 0x00000000cb500000, 0x00000000cb500000| Untracked 
|  24|0x00000000cb600000, 0x00000000cb600000, 0x00000000cb700000|  0%| F|  |TAMS 0x00000000cb600000, 0x00000000cb600000| Untracked 
|  25|0x00000000cb700000, 0x00000000cb700000, 0x00000000cb800000|  0%| F|  |TAMS 0x00000000cb700000, 0x00000000cb700000| Untracked 
|  26|0x00000000cb800000, 0x00000000cb800000, 0x00000000cb900000|  0%| F|  |TAMS 0x00000000cb800000, 0x00000000cb800000| Untracked 
|  27|0x00000000cb900000, 0x00000000cb900000, 0x00000000cba00000|  0%| F|  |TAMS 0x00000000cb900000, 0x00000000cb900000| Untracked 
|  28|0x00000000cba00000, 0x00000000cba00000, 0x00000000cbb00000|  0%| F|  |TAMS 0x00000000cba00000, 0x00000000cba00000| Untracked 
|  29|0x00000000cbb00000, 0x00000000cbb00000, 0x00000000cbc00000|  0%| F|  |TAMS 0x00000000cbb00000, 0x00000000cbb00000| Untracked 
|  30|0x00000000cbc00000, 0x00000000cbc00000, 0x00000000cbd00000|  0%| F|  |TAMS 0x00000000cbc00000, 0x00000000cbc00000| Untracked 
|  31|0x00000000cbd00000, 0x00000000cbd00000, 0x00000000cbe00000|  0%| F|  |TAMS 0x00000000cbd00000, 0x00000000cbd00000| Untracked 
|  32|0x00000000cbe00000, 0x00000000cbe00000, 0x00000000cbf00000|  0%| F|  |TAMS 0x00000000cbe00000, 0x00000000cbe00000| Untracked 
|  33|0x00000000cbf00000, 0x00000000cbf00000, 0x00000000cc000000|  0%| F|  |TAMS 0x00000000cbf00000, 0x00000000cbf00000| Untracked 
|  34|0x00000000cc000000, 0x00000000cc000000, 0x00000000cc100000|  0%| F|  |TAMS 0x00000000cc000000, 0x00000000cc000000| Untracked 
|  35|0x00000000cc100000, 0x00000000cc100000, 0x00000000cc200000|  0%| F|  |TAMS 0x00000000cc100000, 0x00000000cc100000| Untracked 
|  36|0x00000000cc200000, 0x00000000cc200000, 0x00000000cc300000|  0%| F|  |TAMS 0x00000000cc200000, 0x00000000cc200000| Untracked 
|  37|0x00000000cc300000, 0x00000000cc300000, 0x00000000cc400000|  0%| F|  |TAMS 0x00000000cc300000, 0x00000000cc300000| Untracked 
|  38|0x00000000cc400000, 0x00000000cc400000, 0x00000000cc500000|  0%| F|  |TAMS 0x00000000cc400000, 0x00000000cc400000| Untracked 
|  39|0x00000000cc500000, 0x00000000cc500000, 0x00000000cc600000|  0%| F|  |TAMS 0x00000000cc500000, 0x00000000cc500000| Untracked 
|  40|0x00000000cc600000, 0x00000000cc600000, 0x00000000cc700000|  0%| F|  |TAMS 0x00000000cc600000, 0x00000000cc600000| Untracked 
|  41|0x00000000cc700000, 0x00000000cc700000, 0x00000000cc800000|  0%| F|  |TAMS 0x00000000cc700000, 0x00000000cc700000| Untracked 
|  42|0x00000000cc800000, 0x00000000cc800000, 0x00000000cc900000|  0%| F|  |TAMS 0x00000000cc800000, 0x00000000cc800000| Untracked 
|  43|0x00000000cc900000, 0x00000000cc900000, 0x00000000cca00000|  0%| F|  |TAMS 0x00000000cc900000, 0x00000000cc900000| Untracked 
|  44|0x00000000cca00000, 0x00000000cca00000, 0x00000000ccb00000|  0%| F|  |TAMS 0x00000000cca00000, 0x00000000cca00000| Untracked 
|  45|0x00000000ccb00000, 0x00000000ccb00000, 0x00000000ccc00000|  0%| F|  |TAMS 0x00000000ccb00000, 0x00000000ccb00000| Untracked 
|  46|0x00000000ccc00000, 0x00000000ccc00000, 0x00000000ccd00000|  0%| F|  |TAMS 0x00000000ccc00000, 0x00000000ccc00000| Untracked 
|  47|0x00000000ccd00000, 0x00000000ccd00000, 0x00000000cce00000|  0%| F|  |TAMS 0x00000000ccd00000, 0x00000000ccd00000| Untracked 
|  48|0x00000000cce00000, 0x00000000cce00000, 0x00000000ccf00000|  0%| F|  |TAMS 0x00000000cce00000, 0x00000000cce00000| Untracked 
|  49|0x00000000ccf00000, 0x00000000ccf00000, 0x00000000cd000000|  0%| F|  |TAMS 0x00000000ccf00000, 0x00000000ccf00000| Untracked 
|  50|0x00000000cd000000, 0x00000000cd000000, 0x00000000cd100000|  0%| F|  |TAMS 0x00000000cd000000, 0x00000000cd000000| Untracked 
|  51|0x00000000cd100000, 0x00000000cd100000, 0x00000000cd200000|  0%| F|  |TAMS 0x00000000cd100000, 0x00000000cd100000| Untracked 
|  52|0x00000000cd200000, 0x00000000cd200000, 0x00000000cd300000|  0%| F|  |TAMS 0x00000000cd200000, 0x00000000cd200000| Untracked 
|  53|0x00000000cd300000, 0x00000000cd300000, 0x00000000cd400000|  0%| F|  |TAMS 0x00000000cd300000, 0x00000000cd300000| Untracked 
|  54|0x00000000cd400000, 0x00000000cd49a380, 0x00000000cd500000| 60%| E|  |TAMS 0x00000000cd400000, 0x00000000cd400000| Complete 
|  55|0x00000000cd500000, 0x00000000cd600000, 0x00000000cd600000|100%| E|CS|TAMS 0x00000000cd500000, 0x00000000cd500000| Complete 

Card table byte_map: [0x0000026a85430000,0x0000026a855f0000] _byte_map_base: 0x0000026a84de1000

Marking Bits (Prev, Next): (CMBitMap*) 0x0000026a856e5b80, (CMBitMap*) 0x0000026a856e5bc0
 Prev Bits: [0x0000026a97f20000, 0x0000026a98ca8000)
 Next Bits: [0x0000026a98cb0000, 0x0000026a99a38000)

Polling page: 0x0000026a83510000

Metaspace:

Usage:
  Non-class:      5.47 MB used.
      Class:    532.43 KB used.
       Both:      5.99 MB used.

Virtual space:
  Non-class space:        8.00 MB reserved,       5.56 MB ( 70%) committed,  1 nodes.
      Class space:        1.00 GB reserved,     576.00 KB ( <1%) committed,  1 nodes.
             Both:        1.01 GB reserved,       6.12 MB ( <1%) committed. 

Chunk freelists:
   Non-Class:  2.49 MB
       Class:  3.25 MB
        Both:  5.74 MB

MaxMetaspaceSize: unlimited
CompressedClassSpaceSize: 1.00 GB
Initial GC threshold: 21.00 MB
Current GC threshold: 21.00 MB
CDS: off
MetaspaceReclaimPolicy: balanced
 - commit_granule_bytes: 65536.
 - commit_granule_words: 8192.
 - virtual_space_node_default_size: 1048576.
 - enlarge_chunks_in_place: 1.
 - new_chunks_are_fully_committed: 0.
 - uncommit_free_chunks: 1.
 - use_allocation_guard: 0.
 - handle_deallocations: 1.


Internal statistics:

num_allocs_failed_limit: 0.
num_arena_births: 10.
num_arena_deaths: 0.
num_vsnodes_births: 2.
num_vsnodes_deaths: 0.
num_space_committed: 98.
num_space_uncommitted: 0.
num_chunks_returned_to_freelist: 0.
num_chunks_taken_from_freelist: 19.
num_chunk_merges: 0.
num_chunk_splits: 8.
num_chunks_enlarged: 3.
num_purges: 0.
num_inconsistent_stats: 0.

CodeHeap 'non-profiled nmethods': size=120064Kb used=48Kb max_used=48Kb free=120015Kb
 bounds [0x0000026a90820000, 0x0000026a90a90000, 0x0000026a97d60000]
CodeHeap 'profiled nmethods': size=120000Kb used=214Kb max_used=214Kb free=119785Kb
 bounds [0x0000026a892f0000, 0x0000026a89560000, 0x0000026a90820000]
CodeHeap 'non-nmethods': size=5696Kb used=1096Kb max_used=1112Kb free=4599Kb
 bounds [0x0000026a88d60000, 0x0000026a88fd0000, 0x0000026a892f0000]
 total_blobs=546 nmethods=175 adapters=284
 compilation: enabled
              stopped_count=0, restarted_count=0
 full_count=0

Compilation events (20 events):
Event: 0.631 Thread 0x0000026a9bdc3ae0  166       3       java.util.ImmutableCollections$Set12::iterator (9 bytes)
Event: 0.631 Thread 0x0000026a9bdc3ae0 nmethod 166 0x0000026a89323290 code [0x0000026a89323440, 0x0000026a89323718]
Event: 0.631 Thread 0x0000026a9bdc3ae0  167       3       java.util.ImmutableCollections$Set12$1::<init> (32 bytes)
Event: 0.631 Thread 0x0000026a9bdc3ae0 nmethod 167 0x0000026a89323810 code [0x0000026a893239c0, 0x0000026a89323bf8]
Event: 0.631 Thread 0x0000026a9bdc3ae0  168       3       java.util.AbstractSet::<init> (5 bytes)
Event: 0.631 Thread 0x0000026a9bdc3ae0 nmethod 168 0x0000026a89323d10 code [0x0000026a89323ec0, 0x0000026a89324078]
Event: 0.631 Thread 0x0000026a9bdc3ae0  169       3       java.util.HashSet::<init> (16 bytes)
Event: 0.632 Thread 0x0000026a9bdc3ae0 nmethod 169 0x0000026a89324190 code [0x0000026a89324360, 0x0000026a89324778]
Event: 0.632 Thread 0x0000026a9be01830  170       4       java.util.HashMap::putVal (300 bytes)
Event: 0.632 Thread 0x0000026a9bdc3ae0  172       3       java.util.HashMap$HashIterator::<init> (79 bytes)
Event: 0.632 Thread 0x0000026a9bdc3ae0 nmethod 172 0x0000026a89324910 code [0x0000026a89324ac0, 0x0000026a89324ef8]
Event: 0.633 Thread 0x0000026a9bdc3ae0  173       1       java.lang.module.ModuleDescriptor$Provides::service (5 bytes)
Event: 0.633 Thread 0x0000026a9bdc3ae0 nmethod 173 0x0000026a9082ac10 code [0x0000026a9082ada0, 0x0000026a9082ae78]
Event: 0.637 Thread 0x0000026a9bdc3ae0  174       3       java.lang.StringUTF16::getChar (60 bytes)
Event: 0.638 Thread 0x0000026a9bdc3ae0 nmethod 174 0x0000026a89325090 code [0x0000026a89325220, 0x0000026a89325398]
Event: 0.639 Thread 0x0000026a9bdc3ae0  175       3       java.lang.String::indexOf (7 bytes)
Event: 0.639 Thread 0x0000026a9bdc3ae0 nmethod 175 0x0000026a89325490 code [0x0000026a89325660, 0x0000026a89325978]
Event: 0.643 Thread 0x0000026a9be01830 nmethod 170 0x0000026a9082af10 code [0x0000026a9082b100, 0x0000026a9082baa8]
Event: 0.643 Thread 0x0000026a9be01830  171       4       java.util.HashMap::newNode (13 bytes)
Event: 0.644 Thread 0x0000026a9be01830 nmethod 171 0x0000026a9082c010 code [0x0000026a9082c1a0, 0x0000026a9082c2b8]

GC Heap History (0 events):
No events

Deoptimization events (4 events):
Event: 0.638 Thread 0x0000026a856ac020 Uncommon trap: trap_request=0xffffff45 fr.pc=0x0000026a90826874 relative=0x0000000000000074
Event: 0.638 Thread 0x0000026a856ac020 Uncommon trap: reason=unstable_if action=reinterpret pc=0x0000026a90826874 method=java.lang.String.isLatin1()Z @ 10 c2
Event: 0.638 Thread 0x0000026a856ac020 DEOPT PACKING pc=0x0000026a90826874 sp=0x000000e6bfffebc0
Event: 0.638 Thread 0x0000026a856ac020 DEOPT UNPACKING pc=0x0000026a88db23a3 sp=0x000000e6bfffeb00 mode 2

Classes unloaded (0 events):
No events

Classes redefined (0 events):
No events

Internal exceptions (1 events):
Event: 0.597 Thread 0x0000026a856ac020 Exception <a 'java/lang/NoSuchMethodError'{0x00000000cd5ea208}: 'void java.lang.invoke.DirectMethodHandle$Holder.invokeVirtual(java.lang.Object, java.lang.Object)'> (0x00000000cd5ea208) 
thrown [s\src\hotspot\share\interpreter\linkResolver.cpp, line 759]

VM Operations (2 events):
Event: 0.617 Executing VM operation: HandshakeAllThreads
Event: 0.617 Executing VM operation: HandshakeAllThreads done

Events (20 events):
Event: 0.643 loading class java/security/SecureClassLoader$1
Event: 0.643 loading class java/security/SecureClassLoader$1 done
Event: 0.643 loading class sun/security/util/LazyCodeSourcePermissionCollection
Event: 0.643 loading class java/security/PermissionCollection
Event: 0.643 loading class java/security/PermissionCollection done
Event: 0.643 loading class sun/security/util/LazyCodeSourcePermissionCollection done
Event: 0.643 loading class java/security/Permissions
Event: 0.643 loading class java/security/Permissions done
Event: 0.643 loading class java/lang/RuntimePermission
Event: 0.643 loading class java/lang/RuntimePermission done
Event: 0.643 loading class java/security/BasicPermissionCollection
Event: 0.644 loading class java/security/BasicPermissionCollection done
Event: 0.644 loading class java/security/AllPermission
Event: 0.644 loading class java/security/AllPermission done
Event: 0.644 loading class java/security/UnresolvedPermission
Event: 0.644 loading class java/security/UnresolvedPermission done
Event: 0.644 loading class java/security/SecureClassLoader$DebugHolder
Event: 0.644 loading class java/security/SecureClassLoader$DebugHolder done
Event: 0.644 loading class sun/security/util/Debug
Event: 0.644 loading class sun/security/util/Debug done


Dynamic libraries:
0x00007ff649790000 - 0x00007ff64979e000 	C:\Eclipse\eclipse escritorio\plugins\org.eclipse.justj.openjdk.hotspot.jre.full.win32.x86_64_17.0.4.v20220903-1038\jre\bin\javaw.exe
0x00007ff934890000 - 0x00007ff934a88000 	C:\WINDOWS\SYSTEM32\ntdll.dll
0x00007ff9340a0000 - 0x00007ff93415f000 	C:\WINDOWS\System32\KERNEL32.DLL
0x00007ff932430000 - 0x00007ff932702000 	C:\WINDOWS\System32\KERNELBASE.dll
0x00007ff9327b0000 - 0x00007ff9328b0000 	C:\WINDOWS\System32\ucrtbase.dll
0x00007ff92e5a0000 - 0x00007ff92e5b8000 	C:\Eclipse\eclipse escritorio\plugins\org.eclipse.justj.openjdk.hotspot.jre.full.win32.x86_64_17.0.4.v20220903-1038\jre\bin\jli.dll
0x00007ff9342a0000 - 0x00007ff93443d000 	C:\WINDOWS\System32\USER32.dll
0x00007ff9328b0000 - 0x00007ff9328d2000 	C:\WINDOWS\System32\win32u.dll
0x00007ff933b00000 - 0x00007ff933b2b000 	C:\WINDOWS\System32\GDI32.dll
0x00007ff932070000 - 0x00007ff93217f000 	C:\WINDOWS\System32\gdi32full.dll
0x00007ff932710000 - 0x00007ff9327ad000 	C:\WINDOWS\System32\msvcp_win.dll
0x00007ff92e3f0000 - 0x00007ff92e409000 	C:\Eclipse\eclipse escritorio\plugins\org.eclipse.justj.openjdk.hotspot.jre.full.win32.x86_64_17.0.4.v20220903-1038\jre\bin\VCRUNTIME140.dll
0x00007ff917fb0000 - 0x00007ff91824a000 	C:\WINDOWS\WinSxS\amd64_microsoft.windows.common-controls_6595b64144ccf1df_6.0.19041.1110_none_60b5254171f9507e\COMCTL32.dll
0x00007ff932a60000 - 0x00007ff932afe000 	C:\WINDOWS\System32\msvcrt.dll
0x00007ff934650000 - 0x00007ff934682000 	C:\WINDOWS\System32\IMM32.DLL
0x000000005eca0000 - 0x000000005ecac000 	C:\Program Files (x86)\360\Total Security\safemon\SafeWrapper.dll
0x00007ff933890000 - 0x00007ff93393e000 	C:\WINDOWS\System32\ADVAPI32.dll
0x00007ff932e60000 - 0x00007ff932efc000 	C:\WINDOWS\System32\sechost.dll
0x00007ff934440000 - 0x00007ff934565000 	C:\WINDOWS\System32\RPCRT4.dll
0x00007ff929a00000 - 0x00007ff929a92000 	C:\Program Files (x86)\360\Total Security\safemon\libzdtp64.dll
0x00007ff932f60000 - 0x00007ff9336a3000 	C:\WINDOWS\System32\SHELL32.dll
0x00007ff933bb0000 - 0x00007ff933c05000 	C:\WINDOWS\System32\SHLWAPI.dll
0x00007ff931c00000 - 0x00007ff931c0a000 	C:\WINDOWS\SYSTEM32\VERSION.dll
0x00007ff92a4b0000 - 0x00007ff92a4bc000 	C:\Eclipse\eclipse escritorio\plugins\org.eclipse.justj.openjdk.hotspot.jre.full.win32.x86_64_17.0.4.v20220903-1038\jre\bin\vcruntime140_1.dll
0x00007ff929760000 - 0x00007ff9297f1000 	C:\Eclipse\eclipse escritorio\plugins\org.eclipse.justj.openjdk.hotspot.jre.full.win32.x86_64_17.0.4.v20220903-1038\jre\bin\msvcp140.dll
0x00007ff8cffd0000 - 0x00007ff8d0c16000 	C:\Eclipse\eclipse escritorio\plugins\org.eclipse.justj.openjdk.hotspot.jre.full.win32.x86_64_17.0.4.v20220903-1038\jre\bin\server\jvm.dll
0x00007ff934690000 - 0x00007ff934698000 	C:\WINDOWS\System32\PSAPI.DLL
0x00007ff92b220000 - 0x00007ff92b229000 	C:\WINDOWS\SYSTEM32\WSOCK32.dll
0x00007ff933b40000 - 0x00007ff933bab000 	C:\WINDOWS\System32\WS2_32.dll
0x00007ff929cd0000 - 0x00007ff929cf7000 	C:\WINDOWS\SYSTEM32\WINMM.dll
0x00007ff930770000 - 0x00007ff930782000 	C:\WINDOWS\SYSTEM32\kernel.appcore.dll
0x00007ff92a4a0000 - 0x00007ff92a4aa000 	C:\Eclipse\eclipse escritorio\plugins\org.eclipse.justj.openjdk.hotspot.jre.full.win32.x86_64_17.0.4.v20220903-1038\jre\bin\jimage.dll
0x00007ff930560000 - 0x00007ff930744000 	C:\WINDOWS\SYSTEM32\DBGHELP.DLL
0x00007ff921f40000 - 0x00007ff921f6c000 	C:\WINDOWS\SYSTEM32\dbgcore.DLL
0x00007ff932180000 - 0x00007ff932202000 	C:\WINDOWS\System32\bcryptPrimitives.dll
0x00007ff918820000 - 0x00007ff918845000 	C:\Eclipse\eclipse escritorio\plugins\org.eclipse.justj.openjdk.hotspot.jre.full.win32.x86_64_17.0.4.v20220903-1038\jre\bin\java.dll
0x00007ff929400000 - 0x00007ff929418000 	C:\Eclipse\eclipse escritorio\plugins\org.eclipse.justj.openjdk.hotspot.jre.full.win32.x86_64_17.0.4.v20220903-1038\jre\bin\zip.dll
0x00007ff92fcf0000 - 0x00007ff930482000 	C:\WINDOWS\SYSTEM32\windows.storage.dll
0x00007ff932b00000 - 0x00007ff932e54000 	C:\WINDOWS\System32\combase.dll
0x00007ff9318a0000 - 0x00007ff9318d0000 	C:\WINDOWS\SYSTEM32\Wldp.dll
0x00007ff9337e0000 - 0x00007ff93388d000 	C:\WINDOWS\System32\SHCORE.dll
0x00007ff931ed0000 - 0x00007ff931eef000 	C:\WINDOWS\SYSTEM32\profapi.dll
0x00007ff918800000 - 0x00007ff918819000 	C:\Eclipse\eclipse escritorio\plugins\org.eclipse.justj.openjdk.hotspot.jre.full.win32.x86_64_17.0.4.v20220903-1038\jre\bin\net.dll
0x00007ff9268b0000 - 0x00007ff9269bc000 	C:\WINDOWS\SYSTEM32\WINHTTP.dll
0x00007ff931600000 - 0x00007ff93166a000 	C:\WINDOWS\system32\mswsock.dll
0x00007ff918400000 - 0x00007ff918415000 	C:\Eclipse\eclipse escritorio\plugins\org.eclipse.justj.openjdk.hotspot.jre.full.win32.x86_64_17.0.4.v20220903-1038\jre\bin\nio.dll

dbghelp: loaded successfully - version: 4.0.5 - missing functions: none
symbol engine: initialized successfully - sym options: 0x614 - pdb path: .;C:\Eclipse\eclipse escritorio\plugins\org.eclipse.justj.openjdk.hotspot.jre.full.win32.x86_64_17.0.4.v20220903-1038\jre\bin;C:\WINDOWS\SYSTEM32;C:\WINDOWS\WinSxS\amd64_microsoft.windows.common-controls_6595b64144ccf1df_6.0.19041.1110_none_60b5254171f9507e;C:\Program Files (x86)\360\Total Security\safemon;C:\Eclipse\eclipse escritorio\plugins\org.eclipse.justj.openjdk.hotspot.jre.full.win32.x86_64_17.0.4.v20220903-1038\jre\bin\server

VM Arguments:
jvm_args: -Dfile.encoding=UTF-8 --module-path=C:\Eclipse\workspace\Ejercicio5TallerP\bin -XX:+ShowCodeDetailsInExceptionMessages -Djdk.module.main=Ejercicio5TallerP 
java_command: Ejercicio5TallerP/test.WrapperTestDrive
java_class_path (initial): <not set>
Launcher Type: SUN_STANDARD

[Global flags]
     intx CICompilerCount                          = 2                                         {product} {ergonomic}
     uint ConcGCThreads                            = 1                                         {product} {ergonomic}
     uint G1ConcRefinementThreads                  = 2                                         {product} {ergonomic}
   size_t G1HeapRegionSize                         = 1048576                                   {product} {ergonomic}
    uintx GCDrainStackTargetSize                   = 64                                        {product} {ergonomic}
   size_t InitialHeapSize                          = 58720256                                  {product} {ergonomic}
   size_t MarkStackSize                            = 4194304                                   {product} {ergonomic}
   size_t MaxHeapSize                              = 908066816                                 {product} {ergonomic}
   size_t MaxNewSize                               = 544210944                                 {product} {ergonomic}
   size_t MinHeapDeltaBytes                        = 1048576                                   {product} {ergonomic}
   size_t MinHeapSize                              = 8388608                                   {product} {ergonomic}
    uintx NonNMethodCodeHeapSize                   = 5826188                                {pd product} {ergonomic}
    uintx NonProfiledCodeHeapSize                  = 122916026                              {pd product} {ergonomic}
    uintx ProfiledCodeHeapSize                     = 122916026                              {pd product} {ergonomic}
    uintx ReservedCodeCacheSize                    = 251658240                              {pd product} {ergonomic}
     bool SegmentedCodeCache                       = true                                      {product} {ergonomic}
     bool ShowCodeDetailsInExceptionMessages       = true                                   {manageable} {command line}
   size_t SoftMaxHeapSize                          = 908066816                              {manageable} {ergonomic}
     bool UseCompressedClassPointers               = true                           {product lp64_product} {ergonomic}
     bool UseCompressedOops                        = true                           {product lp64_product} {ergonomic}
     bool UseG1GC                                  = true                                      {product} {ergonomic}
     bool UseLargePagesIndividualAllocation        = false                                  {pd product} {ergonomic}

Logging:
Log output configuration:
 #0: stdout all=warning uptime,level,tags
 #1: stderr all=off uptime,level,tags

Environment Variables:
JAVA_HOME=C:\Program Files\Java\jdk-19
PATH=C:/Eclipse/eclipse escritorio//plugins/org.eclipse.justj.openjdk.hotspot.jre.full.win32.x86_64_17.0.4.v20220903-1038/jre/bin/server;C:/Eclipse/eclipse escritorio//plugins/org.eclipse.justj.openjdk.hotspot.jre.full.win32.x86_64_17.0.4.v20220903-1038/jre/bin;C:\Program Files\Common Files\Oracle\Java\javapath;C:\Program Files (x86)\Common Files\Oracle\Java\javapath;C:\WINDOWS\system32;C:\WINDOWS;C:\WINDOWS\System32\Wbem;C:\WINDOWS\System32\WindowsPowerShell\v1.0\;C:\WINDOWS\System32\OpenSSH\;C:\Users\Lenovo\OneDrive\Documentos\Programacion\java19s1\jdk-19\bin;C:\Users\Lenovo\AppData\Local\Microsoft\WindowsApps;C:\Program Files\Java\jdk-19\bin;C:\Users\Lenovo\AppData\Local\Programs\Microsoft VS Code\bin;;C:\Eclipse\eclipse escritorio;
USERNAME=Lenovo
OS=Windows_NT
PROCESSOR_IDENTIFIER=AMD64 Family 23 Model 24 Stepping 1, AuthenticAMD
TMP=C:\Users\Lenovo\AppData\Local\Temp
TEMP=C:\Users\Lenovo\AppData\Local\Temp



---------------  S Y S T E M  ---------------

OS:
 Windows 10 , 64 bit Build 19041 (10.0.19041.2251)
OS uptime: 5 days 12:51 hours

CPU: total 2 (initial active 2) (2 cores per cpu, 1 threads per core) family 23 model 24 stepping 1 microcode 0x0, cx8, cmov, fxsr, mmx, 3dnowpref, sse, sse2, sse3, ssse3, sse4a, sse4.1, sse4.2, popcnt, lzcnt, tsc, tscinvbit, avx, avx2, aes, clmul, bmi1, bmi2, adx, sha, fma, vzeroupper, clflush, clflushopt

Memory: 4k page, system-wide physical 3460M (401M free)
TotalPageFile size 6148M (AvailPageFile size 4M)
current process WorkingSet (physical memory assigned to process): 34M, peak: 34M
current process commit charge ("private bytes"): 118M, peak: 118M

vm_info: OpenJDK 64-Bit Server VM (17.0.4.1+1) for windows-amd64 JRE (17.0.4.1+1), built on Aug 17 2022 07:42:43 by "temurin" with MS VC++ 16.7 (VS2019)

END.
