#
# There is insufficient memory for the Java Runtime Environment to continue.
# Native memory allocation (mmap) failed to map 58720256 bytes for G1 virtual space
# Possible reasons:
#   The system is out of physical RAM or swap space
#   The process is running with CompressedOops enabled, and the Java Heap may be blocking the growth of the native heap
# Possible solutions:
#   Reduce memory load on the system
#   Increase physical memory or swap space
#   Check if swap backing store is full
#   Decrease Java heap size (-Xmx/-Xms)
#   Decrease number of Java threads
#   Decrease Java thread stack sizes (-Xss)
#   Set larger code cache with -XX:ReservedCodeCacheSize=
#   JVM is running with Unscaled Compressed Oops mode in which the Java heap is
#     placed in the first 4GB address space. The Java Heap base address is the
#     maximum limit for the native heap growth. Please use -XX:HeapBaseMinAddress
#     to set the Java Heap base and to place the Java Heap above 4GB virtual address.
# This output file may be truncated or incomplete.
#
#  Out of Memory Error (os_windows.cpp:3541), pid=18968, tid=12068
#
# JRE version:  (17.0.4.1+1) (build )
# Java VM: OpenJDK 64-Bit Server VM (17.0.4.1+1, mixed mode, sharing, tiered, compressed oops, compressed class ptrs, g1 gc, windows-amd64)
# No core dump will be written. Minidumps are not enabled by default on client versions of Windows
#

---------------  S U M M A R Y ------------

Command Line: -Dfile.encoding=UTF-8 --module-path=C:\Eclipse\workspace\Ejercicio5TallerP\bin -XX:+ShowCodeDetailsInExceptionMessages -Djdk.module.main=Ejercicio5TallerP Ejercicio5TallerP/test.WrapperTestDrive

Host: AMD Athlon Silver 3050U with Radeon Graphics   , 2 cores, 3G,  Windows 10 , 64 bit Build 19041 (10.0.19041.2251)
Time: Thu Dec  1 10:11:36 2022 Hora est. Pacífico, Sudamérica elapsed time: 0.018981 seconds (0d 0h 0m 0s)

---------------  T H R E A D  ---------------

Current thread (0x000001709198c330):  JavaThread "Unknown thread" [_thread_in_vm, id=12068, stack(0x00000032b9200000,0x00000032b9300000)]

Stack: [0x00000032b9200000,0x00000032b9300000]
Native frames: (J=compiled Java code, j=interpreted, Vv=VM code, C=native code)
V  [jvm.dll+0x67731a]
V  [jvm.dll+0x832284]
V  [jvm.dll+0x833a2e]
V  [jvm.dll+0x834093]
V  [jvm.dll+0x245775]
V  [jvm.dll+0x674209]
V  [jvm.dll+0x668a92]
V  [jvm.dll+0x30471b]
V  [jvm.dll+0x30bc66]
V  [jvm.dll+0x35ba9e]
V  [jvm.dll+0x35bccf]
V  [jvm.dll+0x2db5b8]
V  [jvm.dll+0x2dc524]
V  [jvm.dll+0x803db1]
V  [jvm.dll+0x3698f1]
V  [jvm.dll+0x7e31bc]
V  [jvm.dll+0x3ec25f]
V  [jvm.dll+0x3edde1]
C  [jli.dll+0x5277]
C  [ucrtbase.dll+0x21bb2]
C  [KERNEL32.DLL+0x174b4]
C  [ntdll.dll+0x526a1]


---------------  P R O C E S S  ---------------

Threads class SMR info:
_java_thread_list=0x00007ff8d0ae4e98, length=0, elements={
}

Java Threads: ( => current thread )

Other Threads:
  0x00000170919c4960 GCTaskThread "GC Thread#0" [stack: 0x00000032b9300000,0x00000032b9400000] [id=15968]
  0x00000170919cd400 ConcurrentGCThread "G1 Main Marker" [stack: 0x00000032b9400000,0x00000032b9500000] [id=3824]
  0x00000170919cea70 ConcurrentGCThread "G1 Conc#0" [stack: 0x00000032b9500000,0x00000032b9600000] [id=14704]

[error occurred during error reporting (printing all threads), id 0xc0000005, EXCEPTION_ACCESS_VIOLATION (0xc0000005) at pc=0x00007ff8d02bc047]

VM state: not at safepoint (not fully initialized)

VM Mutex/Monitor currently owned by a thread:  ([mutex/lock_event])
[0x0000017091987000] Heap_lock - owner thread: 0x000001709198c330

Heap address: 0x00000000c9e00000, size: 866 MB, Compressed Oops mode: 32-bit

CDS archive(s) mapped at: [0x0000000000000000-0x0000000000000000-0x0000000000000000), size 0, SharedBaseAddress: 0x0000000800000000, ArchiveRelocationMode: 0.
Narrow klass base: 0x0000000000000000, Narrow klass shift: 0, Narrow klass range: 0x0

GC Precious Log:
<Empty>

Heap:
 garbage-first heap   total 0K, used 0K [0x00000000c9e00000, 0x0000000100000000)
  region size 1024K, 0 young (0K), 0 survivors (0K)

[error occurred during error reporting (printing heap information), id 0xc0000005, EXCEPTION_ACCESS_VIOLATION (0xc0000005) at pc=0x00007ff8d06a0699]

GC Heap History (0 events):
No events

Deoptimization events (0 events):
No events

Classes unloaded (0 events):
No events

Classes redefined (0 events):
No events

Internal exceptions (0 events):
No events

VM Operations (0 events):
No events

Events (1 events):
Event: 0.010 Loaded shared library C:\Eclipse\eclipse escritorio\plugins\org.eclipse.justj.openjdk.hotspot.jre.full.win32.x86_64_17.0.4.v20220903-1038\jre\bin\java.dll


Dynamic libraries:
0x00007ff649790000 - 0x00007ff64979e000 	C:\Eclipse\eclipse escritorio\plugins\org.eclipse.justj.openjdk.hotspot.jre.full.win32.x86_64_17.0.4.v20220903-1038\jre\bin\javaw.exe
0x00007ff934890000 - 0x00007ff934a88000 	C:\WINDOWS\SYSTEM32\ntdll.dll
0x00007ff9340a0000 - 0x00007ff93415f000 	C:\WINDOWS\System32\KERNEL32.DLL
0x00007ff932430000 - 0x00007ff932702000 	C:\WINDOWS\System32\KERNELBASE.dll
0x00007ff9327b0000 - 0x00007ff9328b0000 	C:\WINDOWS\System32\ucrtbase.dll
0x00007ff92e5a0000 - 0x00007ff92e5b8000 	C:\Eclipse\eclipse escritorio\plugins\org.eclipse.justj.openjdk.hotspot.jre.full.win32.x86_64_17.0.4.v20220903-1038\jre\bin\jli.dll
0x00007ff9342a0000 - 0x00007ff93443d000 	C:\WINDOWS\System32\USER32.dll
0x00007ff9328b0000 - 0x00007ff9328d2000 	C:\WINDOWS\System32\win32u.dll
0x00007ff933b00000 - 0x00007ff933b2b000 	C:\WINDOWS\System32\GDI32.dll
0x00007ff932070000 - 0x00007ff93217f000 	C:\WINDOWS\System32\gdi32full.dll
0x00007ff932710000 - 0x00007ff9327ad000 	C:\WINDOWS\System32\msvcp_win.dll
0x00007ff92e3f0000 - 0x00007ff92e409000 	C:\Eclipse\eclipse escritorio\plugins\org.eclipse.justj.openjdk.hotspot.jre.full.win32.x86_64_17.0.4.v20220903-1038\jre\bin\VCRUNTIME140.dll
0x00007ff917fb0000 - 0x00007ff91824a000 	C:\WINDOWS\WinSxS\amd64_microsoft.windows.common-controls_6595b64144ccf1df_6.0.19041.1110_none_60b5254171f9507e\COMCTL32.dll
0x00007ff932a60000 - 0x00007ff932afe000 	C:\WINDOWS\System32\msvcrt.dll
0x00007ff934650000 - 0x00007ff934682000 	C:\WINDOWS\System32\IMM32.DLL
0x000000005eca0000 - 0x000000005ecac000 	C:\Program Files (x86)\360\Total Security\safemon\SafeWrapper.dll
0x00007ff933890000 - 0x00007ff93393e000 	C:\WINDOWS\System32\ADVAPI32.dll
0x00007ff932e60000 - 0x00007ff932efc000 	C:\WINDOWS\System32\sechost.dll
0x00007ff934440000 - 0x00007ff934565000 	C:\WINDOWS\System32\RPCRT4.dll
0x00007ff929a00000 - 0x00007ff929a92000 	C:\Program Files (x86)\360\Total Security\safemon\libzdtp64.dll
0x00007ff932f60000 - 0x00007ff9336a3000 	C:\WINDOWS\System32\SHELL32.dll
0x00007ff933bb0000 - 0x00007ff933c05000 	C:\WINDOWS\System32\SHLWAPI.dll
0x00007ff931c00000 - 0x00007ff931c0a000 	C:\WINDOWS\SYSTEM32\VERSION.dll
0x00007ff92a4b0000 - 0x00007ff92a4bc000 	C:\Eclipse\eclipse escritorio\plugins\org.eclipse.justj.openjdk.hotspot.jre.full.win32.x86_64_17.0.4.v20220903-1038\jre\bin\vcruntime140_1.dll
0x00007ff929760000 - 0x00007ff9297f1000 	C:\Eclipse\eclipse escritorio\plugins\org.eclipse.justj.openjdk.hotspot.jre.full.win32.x86_64_17.0.4.v20220903-1038\jre\bin\msvcp140.dll
0x00007ff8cffd0000 - 0x00007ff8d0c16000 	C:\Eclipse\eclipse escritorio\plugins\org.eclipse.justj.openjdk.hotspot.jre.full.win32.x86_64_17.0.4.v20220903-1038\jre\bin\server\jvm.dll
0x00007ff934690000 - 0x00007ff934698000 	C:\WINDOWS\System32\PSAPI.DLL
0x00007ff92b220000 - 0x00007ff92b229000 	C:\WINDOWS\SYSTEM32\WSOCK32.dll
0x00007ff933b40000 - 0x00007ff933bab000 	C:\WINDOWS\System32\WS2_32.dll
0x00007ff929cd0000 - 0x00007ff929cf7000 	C:\WINDOWS\SYSTEM32\WINMM.dll
0x00007ff930770000 - 0x00007ff930782000 	C:\WINDOWS\SYSTEM32\kernel.appcore.dll
0x00007ff92a4a0000 - 0x00007ff92a4aa000 	C:\Eclipse\eclipse escritorio\plugins\org.eclipse.justj.openjdk.hotspot.jre.full.win32.x86_64_17.0.4.v20220903-1038\jre\bin\jimage.dll
0x00007ff930560000 - 0x00007ff930744000 	C:\WINDOWS\SYSTEM32\DBGHELP.DLL
0x00007ff921f40000 - 0x00007ff921f6c000 	C:\WINDOWS\SYSTEM32\dbgcore.DLL
0x00007ff932180000 - 0x00007ff932202000 	C:\WINDOWS\System32\bcryptPrimitives.dll
0x00007ff918820000 - 0x00007ff918845000 	C:\Eclipse\eclipse escritorio\plugins\org.eclipse.justj.openjdk.hotspot.jre.full.win32.x86_64_17.0.4.v20220903-1038\jre\bin\java.dll

dbghelp: loaded successfully - version: 4.0.5 - missing functions: none
symbol engine: initialized successfully - sym options: 0x614 - pdb path: .;C:\Eclipse\eclipse escritorio\plugins\org.eclipse.justj.openjdk.hotspot.jre.full.win32.x86_64_17.0.4.v20220903-1038\jre\bin;C:\WINDOWS\SYSTEM32;C:\WINDOWS\WinSxS\amd64_microsoft.windows.common-controls_6595b64144ccf1df_6.0.19041.1110_none_60b5254171f9507e;C:\Program Files (x86)\360\Total Security\safemon;C:\Eclipse\eclipse escritorio\plugins\org.eclipse.justj.openjdk.hotspot.jre.full.win32.x86_64_17.0.4.v20220903-1038\jre\bin\server

VM Arguments:
jvm_args: -Dfile.encoding=UTF-8 --module-path=C:\Eclipse\workspace\Ejercicio5TallerP\bin -XX:+ShowCodeDetailsInExceptionMessages -Djdk.module.main=Ejercicio5TallerP 
java_command: Ejercicio5TallerP/test.WrapperTestDrive
java_class_path (initial): <not set>
Launcher Type: SUN_STANDARD

[Global flags]
     intx CICompilerCount                          = 2                                         {product} {ergonomic}
     uint ConcGCThreads                            = 1                                         {product} {ergonomic}
     uint G1ConcRefinementThreads                  = 2                                         {product} {ergonomic}
   size_t G1HeapRegionSize                         = 1048576                                   {product} {ergonomic}
    uintx GCDrainStackTargetSize                   = 64                                        {product} {ergonomic}
   size_t InitialHeapSize                          = 58720256                                  {product} {ergonomic}
   size_t MarkStackSize                            = 4194304                                   {product} {ergonomic}
   size_t MaxHeapSize                              = 908066816                                 {product} {ergonomic}
   size_t MinHeapDeltaBytes                        = 1048576                                   {product} {ergonomic}
   size_t MinHeapSize                              = 8388608                                   {product} {ergonomic}
    uintx NonNMethodCodeHeapSize                   = 5826188                                {pd product} {ergonomic}
    uintx NonProfiledCodeHeapSize                  = 122916026                              {pd product} {ergonomic}
    uintx ProfiledCodeHeapSize                     = 122916026                              {pd product} {ergonomic}
    uintx ReservedCodeCacheSize                    = 251658240                              {pd product} {ergonomic}
     bool SegmentedCodeCache                       = true                                      {product} {ergonomic}
     bool ShowCodeDetailsInExceptionMessages       = true                                   {manageable} {command line}
   size_t SoftMaxHeapSize                          = 908066816                              {manageable} {ergonomic}
     bool UseCompressedClassPointers               = true                           {product lp64_product} {ergonomic}
     bool UseCompressedOops                        = true                           {product lp64_product} {ergonomic}
     bool UseG1GC                                  = true                                      {product} {ergonomic}
     bool UseLargePagesIndividualAllocation        = false                                  {pd product} {ergonomic}

Logging:
Log output configuration:
 #0: stdout all=warning uptime,level,tags
 #1: stderr all=off uptime,level,tags

Environment Variables:
JAVA_HOME=C:\Program Files\Java\jdk-19
PATH=C:/Eclipse/eclipse escritorio//plugins/org.eclipse.justj.openjdk.hotspot.jre.full.win32.x86_64_17.0.4.v20220903-1038/jre/bin/server;C:/Eclipse/eclipse escritorio//plugins/org.eclipse.justj.openjdk.hotspot.jre.full.win32.x86_64_17.0.4.v20220903-1038/jre/bin;C:\Program Files\Common Files\Oracle\Java\javapath;C:\Program Files (x86)\Common Files\Oracle\Java\javapath;C:\WINDOWS\system32;C:\WINDOWS;C:\WINDOWS\System32\Wbem;C:\WINDOWS\System32\WindowsPowerShell\v1.0\;C:\WINDOWS\System32\OpenSSH\;C:\Users\Lenovo\OneDrive\Documentos\Programacion\java19s1\jdk-19\bin;C:\Users\Lenovo\AppData\Local\Microsoft\WindowsApps;C:\Program Files\Java\jdk-19\bin;C:\Users\Lenovo\AppData\Local\Programs\Microsoft VS Code\bin;;C:\Eclipse\eclipse escritorio;
USERNAME=Lenovo
OS=Windows_NT
PROCESSOR_IDENTIFIER=AMD64 Family 23 Model 24 Stepping 1, AuthenticAMD
TMP=C:\Users\Lenovo\AppData\Local\Temp
TEMP=C:\Users\Lenovo\AppData\Local\Temp



---------------  S Y S T E M  ---------------

OS:
 Windows 10 , 64 bit Build 19041 (10.0.19041.2251)
OS uptime: 5 days 12:37 hours

CPU: total 2 (initial active 2) (2 cores per cpu, 1 threads per core) family 23 model 24 stepping 1 microcode 0x0, cx8, cmov, fxsr, mmx, 3dnowpref, sse, sse2, sse3, ssse3, sse4a, sse4.1, sse4.2, popcnt, lzcnt, tsc, tscinvbit, avx, avx2, aes, clmul, bmi1, bmi2, adx, sha, fma, vzeroupper, clflush, clflushopt

Memory: 4k page, system-wide physical 3460M (326M free)
TotalPageFile size 6148M (AvailPageFile size 36M)
current process WorkingSet (physical memory assigned to process): 11M, peak: 11M
current process commit charge ("private bytes"): 47M, peak: 103M

vm_info: OpenJDK 64-Bit Server VM (17.0.4.1+1) for windows-amd64 JRE (17.0.4.1+1), built on Aug 17 2022 07:42:43 by "temurin" with MS VC++ 16.7 (VS2019)

END.
